"../../../Engine/Content/EditorMaterials/PreviewShadowIndicator.uasset" 0
"../../../Engine/Content/EditorMaterials/PreviewShadowIndicator.ubulk" 1
"../../../Engine/Content/EditorMaterials/PreviewShadowIndicator.uexp" 2
"../../../Engine/Content/EditorMaterials/PreviewShadowIndicatorMaterial.uasset" 3
"../../../Engine/Content/EditorMaterials/PreviewShadowIndicatorMaterial.uexp" 4
"../../../Engine/Content/EditorMaterials/MAT_Groups_Visibility.uasset" 5
"../../../Engine/Content/EditorMaterials/MAT_Groups_Visibility.uexp" 6
"../../../Engine/Content/EditorMaterials/MAT_Groups_Toggle.uasset" 7
"../../../Engine/Content/EditorMaterials/MAT_Groups_Toggle.uexp" 8
"../../../Engine/Content/EditorMaterials/MatineeGroups/MAT_Groups_Vector.uasset" 9
"../../../Engine/Content/EditorMaterials/MatineeGroups/MAT_Groups_Vector.uexp" 10
"../../../Engine/Content/EditorMaterials/MatineeGroups/MAT_Groups_Sound.uasset" 11
"../../../Engine/Content/EditorMaterials/MatineeGroups/MAT_Groups_Sound.uexp" 12
"../../../Engine/Content/EditorMaterials/MatineeGroups/MAT_Groups_Slomo.uasset" 13
"../../../Engine/Content/EditorMaterials/MatineeGroups/MAT_Groups_Slomo.uexp" 14
"../../../Engine/Content/EditorMaterials/MatineeGroups/MAT_Groups_Move.uasset" 15
"../../../Engine/Content/EditorMaterials/MatineeGroups/MAT_Groups_Move.uexp" 16
"../../../Engine/Content/EditorMaterials/MatineeGroups/MAT_Groups_Float.uasset" 17
"../../../Engine/Content/EditorMaterials/MatineeGroups/MAT_Groups_Float.uexp" 18
"../../../Engine/Content/EditorMaterials/MatineeGroups/MAT_Groups_Fade.uasset" 19
"../../../Engine/Content/EditorMaterials/MatineeGroups/MAT_Groups_Fade.uexp" 20
"../../../Engine/Content/EditorMaterials/MatineeGroups/MAT_Groups_Event.uasset" 21
"../../../Engine/Content/EditorMaterials/MatineeGroups/MAT_Groups_Event.uexp" 22
"../../../Engine/Content/EditorMaterials/MatineeGroups/MAT_Groups_Director.uasset" 23
"../../../Engine/Content/EditorMaterials/MatineeGroups/MAT_Groups_Director.uexp" 24
"../../../Engine/Content/EditorMaterials/MatineeGroups/MAT_Groups_AudioMaster.uasset" 25
"../../../Engine/Content/EditorMaterials/MatineeGroups/MAT_Groups_AudioMaster.uexp" 26
"../../../Engine/Content/EditorMaterials/MatineeGroups/MAT_Groups_Anim.uasset" 27
"../../../Engine/Content/EditorMaterials/MatineeGroups/MAT_Groups_Anim.uexp" 28
"../../../Engine/Content/EditorMaterials/MatineeGroups/MAT_ColorTrack.uasset" 29
"../../../Engine/Content/EditorMaterials/MatineeGroups/MAT_ColorTrack.uexp" 30
"../../../Engine/Content/EditorLandscapeResources/DefaultAlphaTexture.uasset" 31
"../../../Engine/Content/EditorLandscapeResources/DefaultAlphaTexture.uexp" 32
"../../../Engine/Content/EditorLandscapeResources/DataLayer.uasset" 33
"../../../Engine/Content/EditorLandscapeResources/DataLayer.uexp" 34
"../../../Engine/Content/EditorMaterials/ParticleSystems/PSysThumbnail_OOD.uasset" 35
"../../../Engine/Content/EditorMaterials/ParticleSystems/PSysThumbnail_OOD.ubulk" 36
"../../../Engine/Content/EditorMaterials/ParticleSystems/PSysThumbnail_OOD.uexp" 37
"../../../Engine/Content/EditorMaterials/ParticleSystems/PSysThumbnail_NoImage.uasset" 38
"../../../Engine/Content/EditorMaterials/ParticleSystems/PSysThumbnail_NoImage.ubulk" 39
"../../../Engine/Content/EditorMaterials/ParticleSystems/PSysThumbnail_NoImage.uexp" 40
"../../../Engine/Content/EngineMaterials/T_Default_Material_Grid_M.uasset" 41
"../../../Engine/Content/EngineMaterials/T_Default_Material_Grid_M.ubulk" 42
"../../../Engine/Content/EngineMaterials/T_Default_Material_Grid_M.uexp" 43
"../../../Engine/Content/EngineMaterials/T_Default_Material_Grid_N.uasset" 44
"../../../Engine/Content/EngineMaterials/T_Default_Material_Grid_N.ubulk" 45
"../../../Engine/Content/EngineMaterials/T_Default_Material_Grid_N.uexp" 46
"../../../Engine/Content/Functions/Engine_MaterialFunctions01/Opacity/CameraDepthFade.uasset" 47
"../../../Engine/Content/Functions/Engine_MaterialFunctions01/Opacity/CameraDepthFade.uexp" 48
"../../../Engine/Content/EngineMaterials/DefaultMaterial.uasset" 49
"../../../Engine/Content/EngineMaterials/DefaultMaterial.uexp" 50
"../../../Engine/Content/BasicShapes/Sphere.uasset" 51
"../../../Engine/Content/BasicShapes/Sphere.uexp" 52
"../../../Engine/Content/BasicShapes/Cylinder.uasset" 53
"../../../Engine/Content/BasicShapes/Cylinder.uexp" 54
"../../../Engine/Content/BasicShapes/Cone.uasset" 55
"../../../Engine/Content/BasicShapes/Cone.uexp" 56
"../../../Engine/Content/EngineMaterials/WorldGridMaterial.uasset" 57
"../../../Engine/Content/EngineMaterials/WorldGridMaterial.uexp" 58
"../../../Engine/Content/ArtTools/RenderToTexture/Meshes/S_1_Unit_Plane.uasset" 59
"../../../Engine/Content/ArtTools/RenderToTexture/Meshes/S_1_Unit_Plane.uexp" 60
"../../../Engine/Content/Functions/Engine_MaterialFunctions02/Utility/MakeFloat4.uasset" 61
"../../../Engine/Content/Functions/Engine_MaterialFunctions02/Utility/MakeFloat4.uexp" 62
"../../../Engine/Content/Functions/Engine_MaterialFunctions02/Utility/MakeFloat3.uasset" 63
"../../../Engine/Content/Functions/Engine_MaterialFunctions02/Utility/MakeFloat3.uexp" 64
"../../../Engine/Content/Functions/Engine_MaterialFunctions02/Utility/BreakOutFloat3Components.uasset" 65
"../../../Engine/Content/Functions/Engine_MaterialFunctions02/Utility/BreakOutFloat3Components.uexp" 66
"../../../Engine/Content/EditorMaterials/WorldPartition/WorldPartitionSpatialHashGridPreviewMaterial.uasset" 67
"../../../Engine/Content/EditorMaterials/WorldPartition/WorldPartitionSpatialHashGridPreviewMaterial.uexp" 68
"../../../Engine/Content/EditorMaterials/Camera/CineMat.uasset" 69
"../../../Engine/Content/EditorMaterials/Camera/CineMat.uexp" 70
"../../../Engine/Content/EditorMaterials/Camera/MI_CineMat_Rig.uasset" 71
"../../../Engine/Content/EditorMaterials/Camera/MI_CineMat_Rig.uexp" 72
"../../../Engine/Content/EditorMeshes/Camera/SM_RailRig_Track.uasset" 73
"../../../Engine/Content/EditorMeshes/Camera/SM_RailRig_Track.uexp" 74
"../../../Engine/Content/EditorMeshes/Camera/SM_RailRig_Mount.uasset" 75
"../../../Engine/Content/EditorMeshes/Camera/SM_RailRig_Mount.uexp" 76
"../../../Engine/Content/EditorMeshes/Camera/SM_CraneRig_Mount.uasset" 77
"../../../Engine/Content/EditorMeshes/Camera/SM_CraneRig_Mount.uexp" 78
"../../../Engine/Content/EditorMeshes/Camera/SM_CraneRig_Body.uasset" 79
"../../../Engine/Content/EditorMeshes/Camera/SM_CraneRig_Body.uexp" 80
"../../../Engine/Content/EditorMeshes/Camera/SM_CraneRig_Base.uasset" 81
"../../../Engine/Content/EditorMeshes/Camera/SM_CraneRig_Base.uexp" 82
"../../../Engine/Content/EditorMeshes/Camera/SM_CraneRig_Arm.uasset" 83
"../../../Engine/Content/EditorMeshes/Camera/SM_CraneRig_Arm.uexp" 84
"../../../Engine/Content/EditorResources/S_TriggerSphere.uasset" 85
"../../../Engine/Content/EditorResources/S_TriggerSphere.uexp" 86
"../../../Engine/Content/EditorResources/S_TriggerCapsule.uasset" 87
"../../../Engine/Content/EditorResources/S_TriggerCapsule.uexp" 88
"../../../Engine/Content/EditorResources/S_TriggerBox.uasset" 89
"../../../Engine/Content/EditorResources/S_TriggerBox.uexp" 90
"../../../Engine/Content/EditorResources/S_Trigger.uasset" 91
"../../../Engine/Content/EditorResources/S_Trigger.ubulk" 92
"../../../Engine/Content/EditorResources/S_Trigger.uexp" 93
"../../../Engine/Content/EditorResources/S_Terrain.uasset" 94
"../../../Engine/Content/EditorResources/S_Terrain.ubulk" 95
"../../../Engine/Content/EditorResources/S_Terrain.uexp" 96
"../../../Engine/Content/EditorResources/S_Solver.uasset" 97
"../../../Engine/Content/EditorResources/S_Solver.ubulk" 98
"../../../Engine/Content/EditorResources/S_Solver.uexp" 99
"../../../Engine/Content/EditorResources/S_BoxReflectionCapture.uasset" 100
"../../../Engine/Content/EditorResources/S_BoxReflectionCapture.uexp" 101
"../../../Engine/Content/EditorResources/S_Actor.uasset" 102
"../../../Engine/Content/EditorResources/S_Actor.ubulk" 103
"../../../Engine/Content/EditorResources/S_Actor.uexp" 104
"../../../Engine/Content/EditorResources/EmptyActor.uasset" 105
"../../../Engine/Content/EditorResources/EmptyActor.uexp" 106
"../../../Engine/Content/EditorResources/BSPVertex.uasset" 107
"../../../Engine/Content/EditorResources/BSPVertex.uexp" 108
"../../../Engine/Content/EditorResources/LightIcons/S_LightError.uasset" 109
"../../../Engine/Content/EditorResources/LightIcons/S_LightError.uexp" 110
"../../../Engine/Content/EditorResources/SequenceRecorder/RecordingIndicator.uasset" 111
"../../../Engine/Content/EditorResources/SequenceRecorder/RecordingIndicator.uexp" 112
"../../../Engine/Content/EditorResources/SequenceRecorder/Countdown.uasset" 113
"../../../Engine/Content/EditorResources/SequenceRecorder/Countdown.uexp" 114
"../../../Engine/Content/EngineDamageTypes/DmgTypeBP_Environmental.uasset" 115
"../../../Engine/Content/EngineDamageTypes/DmgTypeBP_Environmental.uexp" 116
"../../../Engine/Content/Functions/Engine_MaterialFunctions02/Utility/CameraDirectionVector.uasset" 117
"../../../Engine/Content/Functions/Engine_MaterialFunctions02/Utility/CameraDirectionVector.uexp" 118
"../../../Engine/Content/EngineDebugMaterials/VolumeToRender.uasset" 119
"../../../Engine/Content/EngineDebugMaterials/VolumeToRender.uexp" 120
"../../../Engine/Content/EngineDebugMaterials/M_VolumeRenderSphereTracePP.uasset" 121
"../../../Engine/Content/EngineDebugMaterials/M_VolumeRenderSphereTracePP.uexp" 122
"../../../Engine/Content/EngineDebugMaterials/M_SimpleUnlitTranslucent.uasset" 123
"../../../Engine/Content/EngineDebugMaterials/M_SimpleUnlitTranslucent.uexp" 124
"../../../Engine/Content/EngineDebugMaterials/DebugMeshMaterial.uasset" 125
"../../../Engine/Content/EngineDebugMaterials/DebugMeshMaterial.uexp" 126
"../../../Engine/Content/EngineDebugMaterials/DebugEditorMaterial.uasset" 127
"../../../Engine/Content/EngineDebugMaterials/DebugEditorMaterial.uexp" 128
"../../../Engine/Content/EngineFonts/Faces/RobotoLight.uasset" 129
"../../../Engine/Content/EngineFonts/Faces/RobotoLight.ufont" 130
"../../../Engine/Content/EngineFonts/Faces/RobotoLight.uexp" 131
"../../../Engine/Content/EngineFonts/Faces/RobotoBold.uasset" 132
"../../../Engine/Content/EngineFonts/Faces/RobotoBold.ufont" 133
"../../../Engine/Content/EngineFonts/Faces/RobotoBold.uexp" 134
"../../../Engine/Content/EngineFonts/Faces/RobotoRegular.uasset" 135
"../../../Engine/Content/EngineFonts/Faces/RobotoRegular.ufont" 136
"../../../Engine/Content/EngineFonts/Faces/RobotoRegular.uexp" 137
"../../../Engine/Content/EngineFonts/Faces/DroidSansFallback.uasset" 138
"../../../Engine/Content/EngineFonts/Faces/DroidSansFallback.ufont" 139
"../../../Engine/Content/EngineFonts/Faces/DroidSansFallback.uexp" 140
"../../../Engine/Content/EngineFonts/Faces/RobotoItalic.uasset" 141
"../../../Engine/Content/EngineFonts/Faces/RobotoItalic.ufont" 142
"../../../Engine/Content/EngineFonts/Faces/RobotoItalic.uexp" 143
"../../../Engine/Content/EngineFonts/Faces/RobotoBoldItalic.uasset" 144
"../../../Engine/Content/EngineFonts/Faces/RobotoBoldItalic.ufont" 145
"../../../Engine/Content/EngineFonts/Faces/RobotoBoldItalic.uexp" 146
"../../../Engine/Content/EngineFonts/Roboto.uasset" 147
"../../../Engine/Content/EngineFonts/Roboto.uexp" 148
"../../../Engine/Content/EngineResources/WhiteSquareTexture.uasset" 149
"../../../Engine/Content/EngineResources/WhiteSquareTexture.uexp" 150
"../../../Engine/Content/EngineMaterials/Widget3DPassThrough.uasset" 151
"../../../Engine/Content/EngineMaterials/Widget3DPassThrough.uexp" 152
"../../../Engine/Content/EngineMaterials/Widget3DPassThrough_Translucent.uasset" 153
"../../../Engine/Content/EngineMaterials/Widget3DPassThrough_Translucent.uexp" 154
"../../../Engine/Content/EngineMaterials/Widget3DPassThrough_Translucent_OneSided.uasset" 155
"../../../Engine/Content/EngineMaterials/Widget3DPassThrough_Translucent_OneSided.uexp" 156
"../../../Engine/Content/EngineMaterials/Widget3DPassThrough_Opaque.uasset" 157
"../../../Engine/Content/EngineMaterials/Widget3DPassThrough_Opaque.uexp" 158
"../../../Engine/Content/EngineMaterials/Widget3DPassThrough_Opaque_OneSided.uasset" 159
"../../../Engine/Content/EngineMaterials/Widget3DPassThrough_Opaque_OneSided.uexp" 160
"../../../Engine/Content/EngineMaterials/Widget3DPassThrough_Masked_OneSided.uasset" 161
"../../../Engine/Content/EngineMaterials/Widget3DPassThrough_Masked_OneSided.uexp" 162
"../../../Engine/Content/EngineMaterials/Widget3DPassThrough_Masked.uasset" 163
"../../../Engine/Content/EngineMaterials/Widget3DPassThrough_Masked.uexp" 164
"../../../Engine/Content/EngineMaterials/WeightMapPlaceholderTexture.uasset" 165
"../../../Engine/Content/EngineMaterials/WeightMapPlaceholderTexture.uexp" 166
"../../../Engine/Content/EngineMaterials/RemoveSurfaceMaterial.uasset" 167
"../../../Engine/Content/EngineMaterials/RemoveSurfaceMaterial.uexp" 168
"../../../Engine/Content/EngineMaterials/PreintegratedSkinBRDF.uasset" 169
"../../../Engine/Content/EngineMaterials/PreintegratedSkinBRDF.uexp" 170
"../../../Engine/Content/EngineMaterials/DefaultCalibrationGrayscale.uasset" 171
"../../../Engine/Content/EngineMaterials/DefaultCalibrationGrayscale.uexp" 172
"../../../Engine/Content/EngineMaterials/PPM_DefaultCalibrationGrayscale.uasset" 173
"../../../Engine/Content/EngineMaterials/PPM_DefaultCalibrationGrayscale.uexp" 174
"../../../Engine/Content/EngineMaterials/DefaultCalibrationColor.uasset" 175
"../../../Engine/Content/EngineMaterials/DefaultCalibrationColor.uexp" 176
"../../../Engine/Content/EngineMaterials/PPM_DefaultCalibrationColor.uasset" 177
"../../../Engine/Content/EngineMaterials/PPM_DefaultCalibrationColor.uexp" 178
"../../../Engine/Content/Functions/Engine_MaterialFunctions02/WorldPositionOffset/CameraOffset.uasset" 179
"../../../Engine/Content/Functions/Engine_MaterialFunctions02/WorldPositionOffset/CameraOffset.uexp" 180
"../../../Engine/Content/EngineMaterials/PhAT_JointLimitMaterial.uasset" 181
"../../../Engine/Content/EngineMaterials/PhAT_JointLimitMaterial.uexp" 182
"../../../Engine/Content/EngineMaterials/InvalidLightmapSettings.uasset" 183
"../../../Engine/Content/EngineMaterials/InvalidLightmapSettings.ubulk" 184
"../../../Engine/Content/EngineMaterials/InvalidLightmapSettings.uexp" 185
"../../../Engine/Content/EngineMaterials/M_InvalidLightmapSettings.uasset" 186
"../../../Engine/Content/EngineMaterials/M_InvalidLightmapSettings.uexp" 187
"../../../Engine/Content/EngineMaterials/MiniFont.uasset" 188
"../../../Engine/Content/EngineMaterials/MiniFont.uexp" 189
"../../../Engine/Content/EngineMaterials/GizmoMaterial.uasset" 190
"../../../Engine/Content/EngineMaterials/GizmoMaterial.uexp" 191
"../../../Engine/Content/EngineMaterials/BaseFlattenEmissiveMap_VT.uasset" 192
"../../../Engine/Content/EngineMaterials/BaseFlattenEmissiveMap_VT.uexp" 193
"../../../Engine/Content/EngineMaterials/BaseFlattenGrayscaleMap_VT.uasset" 194
"../../../Engine/Content/EngineMaterials/BaseFlattenGrayscaleMap_VT.uexp" 195
"../../../Engine/Content/EngineMaterials/BaseFlattenLinearColor_VT.uasset" 196
"../../../Engine/Content/EngineMaterials/BaseFlattenLinearColor_VT.uexp" 197
"../../../Engine/Content/EngineMaterials/Black_1x1_EXR_Texture_VT.uasset" 198
"../../../Engine/Content/EngineMaterials/Black_1x1_EXR_Texture_VT.uexp" 199
"../../../Engine/Content/EngineMaterials/BaseFlattenDiffuseMap_VT.uasset" 200
"../../../Engine/Content/EngineMaterials/BaseFlattenDiffuseMap_VT.uexp" 201
"../../../Engine/Content/EngineMaterials/BaseFlattenNormalMap_VT.uasset" 202
"../../../Engine/Content/EngineMaterials/BaseFlattenNormalMap_VT.uexp" 203
"../../../Engine/Content/EngineMaterials/FlattenMaterial_WS_Normal_VT.uasset" 204
"../../../Engine/Content/EngineMaterials/FlattenMaterial_WS_Normal_VT.uexp" 205
"../../../Engine/Content/EngineMaterials/FlattenMaterial_VT.uasset" 206
"../../../Engine/Content/EngineMaterials/FlattenMaterial_VT.uexp" 207
"../../../Engine/Content/EngineMaterials/BaseFlattenNormalMap.uasset" 208
"../../../Engine/Content/EngineMaterials/BaseFlattenNormalMap.uexp" 209
"../../../Engine/Content/EngineMaterials/BaseFlattenGrayscaleMap.uasset" 210
"../../../Engine/Content/EngineMaterials/BaseFlattenGrayscaleMap.uexp" 211
"../../../Engine/Content/EngineMaterials/BaseFlattenDiffuseMap.uasset" 212
"../../../Engine/Content/EngineMaterials/BaseFlattenDiffuseMap.uexp" 213
"../../../Engine/Content/Functions/Engine_MaterialFunctions02/PivotPainter2/Black_1x1_EXR_Texture.uasset" 214
"../../../Engine/Content/Functions/Engine_MaterialFunctions02/PivotPainter2/Black_1x1_EXR_Texture.uexp" 215
"../../../Engine/Content/EngineMaterials/BaseFlattenEmissiveMap.uasset" 216
"../../../Engine/Content/EngineMaterials/BaseFlattenEmissiveMap.uexp" 217
"../../../Engine/Content/EngineMaterials/BaseFlattenLinearColor.uasset" 218
"../../../Engine/Content/EngineMaterials/BaseFlattenLinearColor.uexp" 219
"../../../Engine/Content/EngineMaterials/FlattenMaterial.uasset" 220
"../../../Engine/Content/EngineMaterials/FlattenMaterial.uexp" 221
"../../../Engine/Content/EngineMaterials/DefaultWhiteGrid_Low.uasset" 222
"../../../Engine/Content/EngineMaterials/DefaultWhiteGrid_Low.uexp" 223
"../../../Engine/Content/EngineMaterials/EmissiveMeshMaterial.uasset" 224
"../../../Engine/Content/EngineMaterials/EmissiveMeshMaterial.uexp" 225
"../../../Engine/Content/EngineMaterials/DefaultWhiteGrid.uasset" 226
"../../../Engine/Content/EngineMaterials/DefaultWhiteGrid.ubulk" 227
"../../../Engine/Content/EngineMaterials/DefaultWhiteGrid.uexp" 228
"../../../Engine/Content/EngineFonts/RobotoDistanceField.uasset" 229
"../../../Engine/Content/EngineFonts/RobotoDistanceField.uexp" 230
"../../../Engine/Content/EngineMaterials/DefaultTextMaterialOpaque.uasset" 231
"../../../Engine/Content/EngineMaterials/DefaultTextMaterialOpaque.uexp" 232
"../../../Engine/Content/EngineMaterials/DefaultDiffuse.uasset" 233
"../../../Engine/Content/EngineMaterials/DefaultDiffuse.ubulk" 234
"../../../Engine/Content/EngineMaterials/DefaultDiffuse.uexp" 235
"../../../Engine/Content/Functions/Engine_MaterialFunctions02/Utility/BreakOutFloat2Components.uasset" 236
"../../../Engine/Content/Functions/Engine_MaterialFunctions02/Utility/BreakOutFloat2Components.uexp" 237
"../../../Engine/Content/EngineMaterials/DefaultPostProcessMaterial.uasset" 238
"../../../Engine/Content/EngineMaterials/DefaultPostProcessMaterial.uexp" 239
"../../../Engine/Content/EngineMaterials/DefaultLightFunctionMaterial.uasset" 240
"../../../Engine/Content/EngineMaterials/DefaultLightFunctionMaterial.uexp" 241
"../../../Engine/Content/EngineMaterials/DefaultDestructiblePhysicalMaterial.uasset" 242
"../../../Engine/Content/EngineMaterials/DefaultDestructiblePhysicalMaterial.uexp" 243
"../../../Engine/Content/EngineMaterials/DefaultDeferredDecalMaterial.uasset" 244
"../../../Engine/Content/EngineMaterials/DefaultDeferredDecalMaterial.uexp" 245
"../../../Engine/Content/EngineMaterials/DefaultBokeh.uasset" 246
"../../../Engine/Content/EngineMaterials/DefaultBokeh.uexp" 247
"../../../Engine/Content/EngineMaterials/DefaultBloomKernel.uasset" 248
"../../../Engine/Content/EngineMaterials/DefaultBloomKernel.uexp" 249
"../../../Engine/Content/EngineMaterials/BlueNoise.uasset" 250
"../../../Engine/Content/EngineMaterials/BlueNoise.uexp" 251
"../../../Engine/Content/EngineMeshes/Sphere.uasset" 252
"../../../Engine/Content/EngineMeshes/Sphere.uexp" 253
"../../../Engine/Content/EngineResources/GradientTexture0.uasset" 254
"../../../Engine/Content/EngineResources/GradientTexture0.uexp" 255
"../../../Engine/Content/EngineResources/DefaultVolumeTexture2D.uasset" 256
"../../../Engine/Content/EngineResources/DefaultVolumeTexture2D.uexp" 257
"../../../Engine/Content/EngineResources/DefaultVolumeTexture.uasset" 258
"../../../Engine/Content/EngineResources/DefaultVolumeTexture.uexp" 259
"../../../Engine/Content/EngineResources/DefaultTextureCube.uasset" 260
"../../../Engine/Content/EngineResources/DefaultTextureCube.uexp" 261
"../../../Engine/Content/EngineResources/DefaultTexture.uasset" 262
"../../../Engine/Content/EngineResources/DefaultTexture.ubulk" 263
"../../../Engine/Content/EngineResources/DefaultTexture.uexp" 264
"../../../Engine/Content/EngineResources/Black.uasset" 265
"../../../Engine/Content/EngineResources/Black.uexp" 266
"../../../Engine/Content/EngineResources/FilmGrains/Marcie_Grain_v3_128_M2_000.uasset" 267
"../../../Engine/Content/EngineResources/FilmGrains/Marcie_Grain_v3_128_M2_000.uexp" 268
"../../../Engine/Content/EngineSky/VolumetricClouds/CloudWeatherTexture.uasset" 269
"../../../Engine/Content/EngineSky/VolumetricClouds/CloudWeatherTexture.uexp" 270
"../../../Engine/Content/Functions/Engine_MaterialFunctions02/Utility/MakeFloat2.uasset" 271
"../../../Engine/Content/Functions/Engine_MaterialFunctions02/Utility/MakeFloat2.uexp" 272
"../../../Engine/Content/EngineSky/VolumetricClouds/CloudGradientTexture.uasset" 273
"../../../Engine/Content/EngineSky/VolumetricClouds/CloudGradientTexture.uexp" 274
"../../../Engine/Content/EngineSky/VolumetricClouds/T_NoiseShape64.uasset" 275
"../../../Engine/Content/EngineSky/VolumetricClouds/T_NoiseShape64.ubulk" 276
"../../../Engine/Content/EngineSky/VolumetricClouds/T_NoiseShape64.uexp" 277
"../../../Engine/Content/EngineSky/VolumetricClouds/T_VolumeNoiseShape64.uasset" 278
"../../../Engine/Content/EngineSky/VolumetricClouds/T_VolumeNoiseShape64.uexp" 279
"../../../Engine/Content/EngineSky/VolumetricClouds/T_NoiseErosion.uasset" 280
"../../../Engine/Content/EngineSky/VolumetricClouds/T_NoiseErosion.ubulk" 281
"../../../Engine/Content/EngineSky/VolumetricClouds/T_NoiseErosion.uexp" 282
"../../../Engine/Content/EngineSky/VolumetricClouds/T_VolumeNoiseErosion32.uasset" 283
"../../../Engine/Content/EngineSky/VolumetricClouds/T_VolumeNoiseErosion32.uexp" 284
"../../../Engine/Content/EngineSky/VolumetricClouds/m_SimpleVolumetricCloud.uasset" 285
"../../../Engine/Content/EngineSky/VolumetricClouds/m_SimpleVolumetricCloud.uexp" 286
"../../../Engine/Content/EngineSky/VolumetricClouds/m_SimpleVolumetricCloud_Inst.uasset" 287
"../../../Engine/Content/EngineSky/VolumetricClouds/m_SimpleVolumetricCloud_Inst.uexp" 288
"../../../Engine/Content/Functions/Engine_MaterialFunctions01/Shading/PowerToRoughness.uasset" 289
"../../../Engine/Content/Functions/Engine_MaterialFunctions01/Shading/PowerToRoughness.uexp" 290
"../../../Engine/Content/Functions/Engine_MaterialFunctions01/Shading/ConvertFromDiffSpec.uasset" 291
"../../../Engine/Content/Functions/Engine_MaterialFunctions01/Shading/ConvertFromDiffSpec.uexp" 292
"../../../Engine/Content/MobileResources/HUD/VirtualJoystick_Background.uasset" 293
"../../../Engine/Content/MobileResources/HUD/VirtualJoystick_Background.uexp" 294
"../../../Engine/Content/MobileResources/HUD/VirtualJoystick_Thumb.uasset" 295
"../../../Engine/Content/MobileResources/HUD/VirtualJoystick_Thumb.uexp" 296
"../../../Engine/Content/MobileResources/HUD/DefaultVirtualJoysticks.uasset" 297
"../../../Engine/Content/MobileResources/HUD/DefaultVirtualJoysticks.uexp" 298
"../../../Engine/Content/Tutorial/ContentIntroCurve.uasset" 299
"../../../Engine/Content/Tutorial/ContentIntroCurve.uexp" 300
"../../../Engine/Content/VREditor/TransformGizmo/Main.uasset" 301
"../../../Engine/Content/VREditor/TransformGizmo/Main.uexp" 302
"../../../Engine/Content/VREditor/TransformGizmo/Xray.uasset" 303
"../../../Engine/Content/VREditor/TransformGizmo/Xray.uexp" 304
"../../../Engine/Content/VREditor/TransformGizmo/SM_Sequencer_Node.uasset" 305
"../../../Engine/Content/VREditor/TransformGizmo/SM_Sequencer_Node.uexp" 306
"../../../Engine/Content/VREditor/LaserPointer/VR_LaserPower_01.uasset" 307
"../../../Engine/Content/VREditor/LaserPointer/VR_LaserPower_01.ubulk" 308
"../../../Engine/Content/VREditor/LaserPointer/VR_LaserPower_01.uexp" 309
"../../../Engine/Content/VREditor/TransformGizmo/TransformGizmoMaterial.uasset" 310
"../../../Engine/Content/VREditor/TransformGizmo/TransformGizmoMaterial.uexp" 311
"../../../Engine/Content/VREditor/TransformGizmo/TranslucentTransformGizmoMaterial.uasset" 312
"../../../Engine/Content/VREditor/TransformGizmo/TranslucentTransformGizmoMaterial.uexp" 313
"../../../Engine/Content/VREditor/TransformGizmo/PlaneTranslationHandle.uasset" 314
"../../../Engine/Content/VREditor/TransformGizmo/PlaneTranslationHandle.uexp" 315
"../../../Engine/Content/VREditor/TransformGizmo/BoundingBoxEdge.uasset" 316
"../../../Engine/Content/VREditor/TransformGizmo/BoundingBoxEdge.uexp" 317
"../../../Engine/Content/VREditor/TransformGizmo/BoundingBoxCorner.uasset" 318
"../../../Engine/Content/VREditor/TransformGizmo/BoundingBoxCorner.uexp" 319
"../../../Engine/Plugins/2D/Paper2D/Content/PlaceholderTextures/DummySpriteTexture.uasset" 320
"../../../Engine/Plugins/2D/Paper2D/Content/PlaceholderTextures/DummySpriteTexture.ubulk" 321
"../../../Engine/Plugins/2D/Paper2D/Content/PlaceholderTextures/DummySpriteTexture.uexp" 322
"../../../Engine/Plugins/2D/Paper2D/Content/DefaultSpriteMaterial.uasset" 323
"../../../Engine/Plugins/2D/Paper2D/Content/DefaultSpriteMaterial.uexp" 324
"../../../Engine/Plugins/2D/Paper2D/Content/OpaqueUnlitSpriteMaterial.uasset" 325
"../../../Engine/Plugins/2D/Paper2D/Content/OpaqueUnlitSpriteMaterial.uexp" 326
"../../../Engine/Plugins/2D/Paper2D/Content/MaskedUnlitSpriteMaterial.uasset" 327
"../../../Engine/Plugins/2D/Paper2D/Content/MaskedUnlitSpriteMaterial.uexp" 328
"../../../Engine/Plugins/2D/Paper2D/Content/DummySprite.uasset" 329
"../../../Engine/Plugins/2D/Paper2D/Content/DummySprite.uexp" 330
"../../../Engine/Plugins/2D/Paper2D/Content/DefaultPaperTerrainMaterial.uasset" 331
"../../../Engine/Plugins/2D/Paper2D/Content/DefaultPaperTerrainMaterial.uexp" 332
"../../../Engine/Plugins/Animation/ControlRig/Content/M_Manip.uasset" 333
"../../../Engine/Plugins/Animation/ControlRig/Content/M_Manip.uexp" 334
"../../../Engine/Plugins/Animation/ControlRig/Content/Controls/DefaultGizmoLibraryNormalized.uasset" 335
"../../../Engine/Plugins/Animation/ControlRig/Content/Controls/DefaultGizmoLibraryNormalized.uexp" 336
"../../../Engine/Plugins/Animation/ControlRig/Content/Controls/ControlRig_Wedge_solid.uasset" 337
"../../../Engine/Plugins/Animation/ControlRig/Content/Controls/ControlRig_Wedge_solid.uexp" 338
"../../../Engine/Plugins/Animation/ControlRig/Content/Controls/ControlRig_Wedge_3mm.uasset" 339
"../../../Engine/Plugins/Animation/ControlRig/Content/Controls/ControlRig_Wedge_3mm.uexp" 340
"../../../Engine/Plugins/Animation/ControlRig/Content/Controls/ControlRig_Wedge_1mm.uasset" 341
"../../../Engine/Plugins/Animation/ControlRig/Content/Controls/ControlRig_Wedge_1mm.uexp" 342
"../../../Engine/Plugins/Animation/ControlRig/Content/Controls/ControlRig_Triangle_solid.uasset" 343
"../../../Engine/Plugins/Animation/ControlRig/Content/Controls/ControlRig_Triangle_solid.uexp" 344
"../../../Engine/Plugins/Animation/ControlRig/Content/Controls/ControlRig_Triangle_3mm.uasset" 345
"../../../Engine/Plugins/Animation/ControlRig/Content/Controls/ControlRig_Triangle_3mm.uexp" 346
"../../../Engine/Plugins/Animation/ControlRig/Content/Controls/ControlRig_Triangle_1mm.uasset" 347
"../../../Engine/Plugins/Animation/ControlRig/Content/Controls/ControlRig_Triangle_1mm.uexp" 348
"../../../Engine/Plugins/Animation/ControlRig/Content/Controls/ControlRig_Star4_solid.uasset" 349
"../../../Engine/Plugins/Animation/ControlRig/Content/Controls/ControlRig_Star4_solid.uexp" 350
"../../../Engine/Plugins/Animation/ControlRig/Content/Controls/ControlRig_Star4_3mm.uasset" 351
"../../../Engine/Plugins/Animation/ControlRig/Content/Controls/ControlRig_Star4_3mm.uexp" 352
"../../../Engine/Plugins/Animation/ControlRig/Content/Controls/ControlRig_Star4_1mm.uasset" 353
"../../../Engine/Plugins/Animation/ControlRig/Content/Controls/ControlRig_Star4_1mm.uexp" 354
"../../../Engine/Plugins/Animation/ControlRig/Content/Controls/ControlRig_Square_solid.uasset" 355
"../../../Engine/Plugins/Animation/ControlRig/Content/Controls/ControlRig_Square_solid.uexp" 356
"../../../Engine/Plugins/Animation/ControlRig/Content/Controls/ControlRig_Square_3mm.uasset" 357
"../../../Engine/Plugins/Animation/ControlRig/Content/Controls/ControlRig_Square_3mm.uexp" 358
"../../../Engine/Plugins/Animation/ControlRig/Content/Controls/ControlRig_Square_1mm.uasset" 359
"../../../Engine/Plugins/Animation/ControlRig/Content/Controls/ControlRig_Square_1mm.uexp" 360
"../../../Engine/Plugins/Animation/ControlRig/Content/Controls/ControlRig_Sphere_solid.uasset" 361
"../../../Engine/Plugins/Animation/ControlRig/Content/Controls/ControlRig_Sphere_solid.uexp" 362
"../../../Engine/Plugins/Animation/ControlRig/Content/Controls/ControlRig_Sphere_3mm.uasset" 363
"../../../Engine/Plugins/Animation/ControlRig/Content/Controls/ControlRig_Sphere_3mm.uexp" 364
"../../../Engine/Plugins/Animation/ControlRig/Content/Controls/ControlRig_Sphere_1mm.uasset" 365
"../../../Engine/Plugins/Animation/ControlRig/Content/Controls/ControlRig_Sphere_1mm.uexp" 366
"../../../Engine/Plugins/Animation/ControlRig/Content/Controls/ControlRig_RoundedTriangle_solid.uasset" 367
"../../../Engine/Plugins/Animation/ControlRig/Content/Controls/ControlRig_RoundedTriangle_solid.uexp" 368
"../../../Engine/Plugins/Animation/ControlRig/Content/Controls/ControlRig_RoundedTriangle_3mm.uasset" 369
"../../../Engine/Plugins/Animation/ControlRig/Content/Controls/ControlRig_RoundedTriangle_3mm.uexp" 370
"../../../Engine/Plugins/Animation/ControlRig/Content/Controls/ControlRig_RoundedTriangle_1mm.uasset" 371
"../../../Engine/Plugins/Animation/ControlRig/Content/Controls/ControlRig_RoundedTriangle_1mm.uexp" 372
"../../../Engine/Plugins/Animation/ControlRig/Content/Controls/ControlRig_RoundedSquare_solid.uasset" 373
"../../../Engine/Plugins/Animation/ControlRig/Content/Controls/ControlRig_RoundedSquare_solid.uexp" 374
"../../../Engine/Plugins/Animation/ControlRig/Content/Controls/ControlRig_RoundedSquare_3mm.uasset" 375
"../../../Engine/Plugins/Animation/ControlRig/Content/Controls/ControlRig_RoundedSquare_3mm.uexp" 376
"../../../Engine/Plugins/Animation/ControlRig/Content/Controls/ControlRig_RoundedSquare_1mm.uasset" 377
"../../../Engine/Plugins/Animation/ControlRig/Content/Controls/ControlRig_RoundedSquare_1mm.uexp" 378
"../../../Engine/Plugins/Animation/ControlRig/Content/Controls/ControlRig_QuarterCircle_solid.uasset" 379
"../../../Engine/Plugins/Animation/ControlRig/Content/Controls/ControlRig_QuarterCircle_solid.uexp" 380
"../../../Engine/Plugins/Animation/ControlRig/Content/Controls/ControlRig_QuarterCircle_3mm.uasset" 381
"../../../Engine/Plugins/Animation/ControlRig/Content/Controls/ControlRig_QuarterCircle_3mm.uexp" 382
"../../../Engine/Plugins/Animation/ControlRig/Content/Controls/ControlRig_QuarterCircle_1mm.uasset" 383
"../../../Engine/Plugins/Animation/ControlRig/Content/Controls/ControlRig_QuarterCircle_1mm.uexp" 384
"../../../Engine/Plugins/Animation/ControlRig/Content/Controls/ControlRig_Pyramid_solid.uasset" 385
"../../../Engine/Plugins/Animation/ControlRig/Content/Controls/ControlRig_Pyramid_solid.uexp" 386
"../../../Engine/Plugins/Animation/ControlRig/Content/Controls/ControlRig_Pyramid_3mm.uasset" 387
"../../../Engine/Plugins/Animation/ControlRig/Content/Controls/ControlRig_Pyramid_3mm.uexp" 388
"../../../Engine/Plugins/Animation/ControlRig/Content/Controls/ControlRig_Pyramid_1mm.uasset" 389
"../../../Engine/Plugins/Animation/ControlRig/Content/Controls/ControlRig_Pyramid_1mm.uexp" 390
"../../../Engine/Plugins/Animation/ControlRig/Content/Controls/ControlRig_Octagon_solid.uasset" 391
"../../../Engine/Plugins/Animation/ControlRig/Content/Controls/ControlRig_Octagon_solid.uexp" 392
"../../../Engine/Plugins/Animation/ControlRig/Content/Controls/ControlRig_Octagon_3mm.uasset" 393
"../../../Engine/Plugins/Animation/ControlRig/Content/Controls/ControlRig_Octagon_3mm.uexp" 394
"../../../Engine/Plugins/Animation/ControlRig/Content/Controls/ControlRig_Octagon_1mm.uasset" 395
"../../../Engine/Plugins/Animation/ControlRig/Content/Controls/ControlRig_Octagon_1mm.uexp" 396
"../../../Engine/Plugins/Animation/ControlRig/Content/Controls/ControlRig_Hexagon_solid.uasset" 397
"../../../Engine/Plugins/Animation/ControlRig/Content/Controls/ControlRig_Hexagon_solid.uexp" 398
"../../../Engine/Plugins/Animation/ControlRig/Content/Controls/ControlRig_Hexagon_3mm.uasset" 399
"../../../Engine/Plugins/Animation/ControlRig/Content/Controls/ControlRig_Hexagon_3mm.uexp" 400
"../../../Engine/Plugins/Animation/ControlRig/Content/Controls/ControlRig_Hexagon_1mm.uasset" 401
"../../../Engine/Plugins/Animation/ControlRig/Content/Controls/ControlRig_Hexagon_1mm.uexp" 402
"../../../Engine/Plugins/Animation/ControlRig/Content/Controls/ControlRig_HalfCircle_solid.uasset" 403
"../../../Engine/Plugins/Animation/ControlRig/Content/Controls/ControlRig_HalfCircle_solid.uexp" 404
"../../../Engine/Plugins/Animation/ControlRig/Content/Controls/ControlRig_HalfCircle_3mm.uasset" 405
"../../../Engine/Plugins/Animation/ControlRig/Content/Controls/ControlRig_HalfCircle_3mm.uexp" 406
"../../../Engine/Plugins/Animation/ControlRig/Content/Controls/ControlRig_HalfCircle_1mm.uasset" 407
"../../../Engine/Plugins/Animation/ControlRig/Content/Controls/ControlRig_HalfCircle_1mm.uexp" 408
"../../../Engine/Plugins/Animation/ControlRig/Content/Controls/ControlRig_Diamond_solid.uasset" 409
"../../../Engine/Plugins/Animation/ControlRig/Content/Controls/ControlRig_Diamond_solid.uexp" 410
"../../../Engine/Plugins/Animation/ControlRig/Content/Controls/ControlRig_Diamond_3mm.uasset" 411
"../../../Engine/Plugins/Animation/ControlRig/Content/Controls/ControlRig_Diamond_3mm.uexp" 412
"../../../Engine/Plugins/Animation/ControlRig/Content/Controls/ControlRig_Diamond_1mm.uasset" 413
"../../../Engine/Plugins/Animation/ControlRig/Content/Controls/ControlRig_Diamond_1mm.uexp" 414
"../../../Engine/Plugins/Animation/ControlRig/Content/Controls/ControlRig_Circle_solid.uasset" 415
"../../../Engine/Plugins/Animation/ControlRig/Content/Controls/ControlRig_Circle_solid.uexp" 416
"../../../Engine/Plugins/Animation/ControlRig/Content/Controls/ControlRig_Circle_3mm.uasset" 417
"../../../Engine/Plugins/Animation/ControlRig/Content/Controls/ControlRig_Circle_3mm.uexp" 418
"../../../Engine/Plugins/Animation/ControlRig/Content/Controls/ControlRig_Circle_1mm.uasset" 419
"../../../Engine/Plugins/Animation/ControlRig/Content/Controls/ControlRig_Circle_1mm.uexp" 420
"../../../Engine/Plugins/Animation/ControlRig/Content/Controls/ControlRig_Box_solid.uasset" 421
"../../../Engine/Plugins/Animation/ControlRig/Content/Controls/ControlRig_Box_solid.uexp" 422
"../../../Engine/Plugins/Animation/ControlRig/Content/Controls/ControlRig_Box_3mm.uasset" 423
"../../../Engine/Plugins/Animation/ControlRig/Content/Controls/ControlRig_Box_3mm.uexp" 424
"../../../Engine/Plugins/Animation/ControlRig/Content/Controls/ControlRig_Box_1mm.uasset" 425
"../../../Engine/Plugins/Animation/ControlRig/Content/Controls/ControlRig_Box_1mm.uexp" 426
"../../../Engine/Plugins/Animation/ControlRig/Content/Controls/ControlRig_Arrow_solid.uasset" 427
"../../../Engine/Plugins/Animation/ControlRig/Content/Controls/ControlRig_Arrow_solid.uexp" 428
"../../../Engine/Plugins/Animation/ControlRig/Content/Controls/ControlRig_Arrow_3mm.uasset" 429
"../../../Engine/Plugins/Animation/ControlRig/Content/Controls/ControlRig_Arrow_3mm.uexp" 430
"../../../Engine/Plugins/Animation/ControlRig/Content/Controls/ControlRig_Arrow_1mm.uasset" 431
"../../../Engine/Plugins/Animation/ControlRig/Content/Controls/ControlRig_Arrow_1mm.uexp" 432
"../../../Engine/Plugins/Animation/ControlRig/Content/Controls/ControlRig_Arrow4_solid.uasset" 433
"../../../Engine/Plugins/Animation/ControlRig/Content/Controls/ControlRig_Arrow4_solid.uexp" 434
"../../../Engine/Plugins/Animation/ControlRig/Content/Controls/ControlRig_Arrow4_3mm.uasset" 435
"../../../Engine/Plugins/Animation/ControlRig/Content/Controls/ControlRig_Arrow4_3mm.uexp" 436
"../../../Engine/Plugins/Animation/ControlRig/Content/Controls/ControlRig_Arrow4_1mm.uasset" 437
"../../../Engine/Plugins/Animation/ControlRig/Content/Controls/ControlRig_Arrow4_1mm.uexp" 438
"../../../Engine/Plugins/Animation/ControlRig/Content/Controls/ControlRig_Arrow2_solid.uasset" 439
"../../../Engine/Plugins/Animation/ControlRig/Content/Controls/ControlRig_Arrow2_solid.uexp" 440
"../../../Engine/Plugins/Animation/ControlRig/Content/Controls/ControlRig_Arrow2_3mm.uasset" 441
"../../../Engine/Plugins/Animation/ControlRig/Content/Controls/ControlRig_Arrow2_3mm.uexp" 442
"../../../Engine/Plugins/Animation/ControlRig/Content/Controls/ControlRig_Arrow2_1mm.uasset" 443
"../../../Engine/Plugins/Animation/ControlRig/Content/Controls/ControlRig_Arrow2_1mm.uexp" 444
"../../../Engine/Plugins/Animation/ControlRig/Content/Controls/ControlRigGizmoMaterial.uasset" 445
"../../../Engine/Plugins/Animation/ControlRig/Content/Controls/ControlRigGizmoMaterial.uexp" 446
"../../../Engine/Plugins/Editor/SpeedTreeImporter/Content/SpeedTree9/game_wind_noise.uasset" 447
"../../../Engine/Plugins/Editor/SpeedTreeImporter/Content/SpeedTree9/game_wind_noise.ubulk" 448
"../../../Engine/Plugins/Editor/SpeedTreeImporter/Content/SpeedTree9/game_wind_noise.uexp" 449
"../../../Engine/Plugins/Editor/SpeedTreeImporter/Content/SpeedTree9/UnpackDirection.uasset" 450
"../../../Engine/Plugins/Editor/SpeedTreeImporter/Content/SpeedTree9/UnpackDirection.uexp" 451
"../../../Engine/Content/Functions/Engine_MaterialFunctions02/ObjectLocalBounds.uasset" 452
"../../../Engine/Content/Functions/Engine_MaterialFunctions02/ObjectLocalBounds.uexp" 453
"../../../Engine/Content/Functions/Engine_MaterialFunctions02/UVs/BoundingBoxBased_0-1_UVW.uasset" 454
"../../../Engine/Content/Functions/Engine_MaterialFunctions02/UVs/BoundingBoxBased_0-1_UVW.uexp" 455
"../../../Engine/Content/Functions/Engine_MaterialFunctions02/Utility/VectorLength.uasset" 456
"../../../Engine/Content/Functions/Engine_MaterialFunctions02/Utility/VectorLength.uexp" 457
"../../../Engine/Plugins/Editor/SpeedTreeImporter/Content/SpeedTree9/UnpackInteger3.uasset" 458
"../../../Engine/Plugins/Editor/SpeedTreeImporter/Content/SpeedTree9/UnpackInteger3.uexp" 459
"../../../Engine/Plugins/Editor/SpeedTreeImporter/Content/SpeedTree9/SpeedTreeCameraFacing.uasset" 460
"../../../Engine/Plugins/Editor/SpeedTreeImporter/Content/SpeedTree9/SpeedTreeCameraFacing.uexp" 461
"../../../Engine/Content/Functions/Engine_MaterialFunctions02/WorldPositionOffset/ObjectScale.uasset" 462
"../../../Engine/Content/Functions/Engine_MaterialFunctions02/WorldPositionOffset/ObjectScale.uexp" 463
"../../../Engine/Content/Functions/Engine_MaterialFunctions02/SafeNormalize.uasset" 464
"../../../Engine/Content/Functions/Engine_MaterialFunctions02/SafeNormalize.uexp" 465
"../../../Engine/Plugins/Editor/SpeedTreeImporter/Content/SpeedTree9/SpeedTreeWindMotion.uasset" 466
"../../../Engine/Plugins/Editor/SpeedTreeImporter/Content/SpeedTree9/SpeedTreeWindMotion.uexp" 467
"../../../Engine/Plugins/Editor/SpeedTreeImporter/Content/SpeedTree9/SpeedTreeBranchMotion.uasset" 468
"../../../Engine/Plugins/Editor/SpeedTreeImporter/Content/SpeedTree9/SpeedTreeBranchMotion.uexp" 469
"../../../Engine/Plugins/Editor/SpeedTreeImporter/Content/SpeedTree9/SpeedTreeWind.uasset" 470
"../../../Engine/Plugins/Editor/SpeedTreeImporter/Content/SpeedTree9/SpeedTreeWind.uexp" 471
"../../../Engine/Plugins/Editor/SpeedTreeImporter/Content/SpeedTree9/EmptyNormal.uasset" 472
"../../../Engine/Plugins/Editor/SpeedTreeImporter/Content/SpeedTree9/EmptyNormal.uexp" 473
"../../../Engine/Plugins/Editor/SpeedTreeImporter/Content/SpeedTree9/Empty.uasset" 474
"../../../Engine/Plugins/Editor/SpeedTreeImporter/Content/SpeedTree9/Empty.uexp" 475
"../../../Engine/Plugins/Editor/SpeedTreeImporter/Content/SpeedTree9/SpeedTreeMaster.uasset" 476
"../../../Engine/Plugins/Editor/SpeedTreeImporter/Content/SpeedTree9/SpeedTreeMaster.uexp" 477
"../../../Engine/Plugins/Editor/SpeedTreeImporter/Content/SpeedTree9/SpeedTreeBillboard.uasset" 478
"../../../Engine/Plugins/Editor/SpeedTreeImporter/Content/SpeedTree9/SpeedTreeBillboard.uexp" 479
"../../../Engine/Plugins/Editor/SpeedTreeImporter/Content/SpeedTree9/SpeedTreeBillboardMaster.uasset" 480
"../../../Engine/Plugins/Editor/SpeedTreeImporter/Content/SpeedTree9/SpeedTreeBillboardMaster.uexp" 481
"../../../Engine/Plugins/Runtime/HairStrands/Content/Materials/HairMeshesDefaultMaterial.uasset" 482
"../../../Engine/Plugins/Runtime/HairStrands/Content/Materials/HairMeshesDefaultMaterial.uexp" 483
"../../../Engine/Plugins/Runtime/HairStrands/Content/Materials/HairDefaultMaterial.uasset" 484
"../../../Engine/Plugins/Runtime/HairStrands/Content/Materials/HairDefaultMaterial.uexp" 485
"../../../Engine/Plugins/Runtime/HairStrands/Content/Materials/HairGroupColors.uasset" 486
"../../../Engine/Plugins/Runtime/HairStrands/Content/Materials/HairGroupColors.uexp" 487
"../../../Engine/Content/EngineMaterials/HairColorMap.uasset" 488
"../../../Engine/Content/EngineMaterials/HairColorMap.uexp" 489
"../../../Engine/Content/EngineMaterials/HairDebugColor.uasset" 490
"../../../Engine/Content/EngineMaterials/HairDebugColor.uexp" 491
"../../../Engine/Plugins/Runtime/HairStrands/Content/Materials/HairDebugMaterial.uasset" 492
"../../../Engine/Plugins/Runtime/HairStrands/Content/Materials/HairDebugMaterial.uexp" 493
"../../../Engine/Plugins/Runtime/HairStrands/Content/Materials/HairCardsDefaultMaterial.uasset" 494
"../../../Engine/Plugins/Runtime/HairStrands/Content/Materials/HairCardsDefaultMaterial.uexp" 495
"E:/GIT/GGJ2023/Game/Content/UI/Assets/mouse.uasset" 496
"E:/GIT/GGJ2023/Game/Content/UI/Assets/mouse.uexp" 497
"E:/GIT/GGJ2023/Game/Content/UI/Blueprints/W_MouseCursor.uasset" 498
"E:/GIT/GGJ2023/Game/Content/UI/Blueprints/W_MouseCursor.uexp" 499
"../../../Engine/Content/Maps/Entry_BuiltData.uasset" 500
"../../../Engine/Content/Maps/Entry_BuiltData.uexp" 501
"../../../Engine/Content/Maps/Entry.umap" 502
"../../../Engine/Content/Maps/Entry.uexp" 503
"../../../Engine/Content/EngineMaterials/Good64x64TilingNoiseHighFreq.uasset" 504
"../../../Engine/Content/EngineMaterials/Good64x64TilingNoiseHighFreq.uexp" 505
"../../../Engine/Content/EngineDebugMaterials/HeatmapGradient.uasset" 506
"../../../Engine/Content/EngineDebugMaterials/HeatmapGradient.ubulk" 507
"../../../Engine/Content/EngineDebugMaterials/HeatmapGradient.uexp" 508
"../../../Engine/Content/Functions/Engine_MaterialFunctions01/ImageAdjustment/CheapContrast_RGB.uasset" 509
"../../../Engine/Content/Functions/Engine_MaterialFunctions01/ImageAdjustment/CheapContrast_RGB.uexp" 510
"E:/GIT/GGJ2023/Game/Content/Kobo_Nature/Textures/A-Blank.uasset" 511
"E:/GIT/GGJ2023/Game/Content/Kobo_Nature/Textures/A-Blank.ubulk" 512
"E:/GIT/GGJ2023/Game/Content/Kobo_Nature/Textures/A-Blank.uexp" 513
"../../../Engine/Content/Functions/Engine_MaterialFunctions02/Texturing/ScreenAlignedPixelToPixelUVs.uasset" 514
"../../../Engine/Content/Functions/Engine_MaterialFunctions02/Texturing/ScreenAlignedPixelToPixelUVs.uexp" 515
"../../../Engine/Content/Functions/Engine_MaterialFunctions02/Utility/DitherTemporalAA.uasset" 516
"../../../Engine/Content/Functions/Engine_MaterialFunctions02/Utility/DitherTemporalAA.uexp" 517
"E:/GIT/GGJ2023/Game/Content/Kobo_Nature/Textures/N-Blank.uasset" 518
"E:/GIT/GGJ2023/Game/Content/Kobo_Nature/Textures/N-Blank.ubulk" 519
"E:/GIT/GGJ2023/Game/Content/Kobo_Nature/Textures/N-Blank.uexp" 520
"../../../Engine/Content/Functions/Engine_MaterialFunctions02/HueShift.uasset" 521
"../../../Engine/Content/Functions/Engine_MaterialFunctions02/HueShift.uexp" 522
"E:/GIT/GGJ2023/Game/Content/Kobo_Nature/Materials/M-Master/M-Rock.uasset" 523
"E:/GIT/GGJ2023/Game/Content/Kobo_Nature/Materials/M-Master/M-Rock.uexp" 524
"E:/GIT/GGJ2023/Game/Content/Kobo_Nature/Textures/T-Albedo/A-Rock-12.uasset" 525
"E:/GIT/GGJ2023/Game/Content/Kobo_Nature/Textures/T-Albedo/A-Rock-12.ubulk" 526
"E:/GIT/GGJ2023/Game/Content/Kobo_Nature/Textures/T-Albedo/A-Rock-12.uexp" 527
"E:/GIT/GGJ2023/Game/Content/Kobo_Nature/Textures/T-Normal/N-Rock-12.uasset" 528
"E:/GIT/GGJ2023/Game/Content/Kobo_Nature/Textures/T-Normal/N-Rock-12.ubulk" 529
"E:/GIT/GGJ2023/Game/Content/Kobo_Nature/Textures/T-Normal/N-Rock-12.uexp" 530
"E:/GIT/GGJ2023/Game/Content/Kobo_Nature/Materials/M-Instances/MI-Rocks/MI-Rock-12.uasset" 531
"E:/GIT/GGJ2023/Game/Content/Kobo_Nature/Materials/M-Instances/MI-Rocks/MI-Rock-12.uexp" 532
"E:/GIT/GGJ2023/Game/Content/Kobo_Nature/Meshes/SM-Rocks/SM-Rock-12.uasset" 533
"E:/GIT/GGJ2023/Game/Content/Kobo_Nature/Meshes/SM-Rocks/SM-Rock-12.uexp" 534
"E:/GIT/GGJ2023/Game/Content/Kobo_Nature/Textures/T-Normal/N-Pine-01.uasset" 535
"E:/GIT/GGJ2023/Game/Content/Kobo_Nature/Textures/T-Normal/N-Pine-01.ubulk" 536
"E:/GIT/GGJ2023/Game/Content/Kobo_Nature/Textures/T-Normal/N-Pine-01.uexp" 537
"E:/GIT/GGJ2023/Game/Content/Kobo_Nature/Wind-Settings.uasset" 538
"E:/GIT/GGJ2023/Game/Content/Kobo_Nature/Wind-Settings.uexp" 539
"../../../Engine/Content/Functions/Engine_MaterialFunctions02/WorldPositionOffset/ObjectPivotPoint.uasset" 540
"../../../Engine/Content/Functions/Engine_MaterialFunctions02/WorldPositionOffset/ObjectPivotPoint.uexp" 541
"E:/GIT/GGJ2023/Game/Content/Kobo_Nature/Materials/M-Master/M-Trunk.uasset" 542
"E:/GIT/GGJ2023/Game/Content/Kobo_Nature/Materials/M-Master/M-Trunk.uexp" 543
"E:/GIT/GGJ2023/Game/Content/Kobo_Nature/Textures/T-Albedo/A-Pine-01.uasset" 544
"E:/GIT/GGJ2023/Game/Content/Kobo_Nature/Textures/T-Albedo/A-Pine-01.ubulk" 545
"E:/GIT/GGJ2023/Game/Content/Kobo_Nature/Textures/T-Albedo/A-Pine-01.uexp" 546
"E:/GIT/GGJ2023/Game/Content/Kobo_Nature/Materials/M-Instances/MI-Trunk/MI-Pine-01.uasset" 547
"E:/GIT/GGJ2023/Game/Content/Kobo_Nature/Materials/M-Instances/MI-Trunk/MI-Pine-01.uexp" 548
"E:/GIT/GGJ2023/Game/Content/Kobo_Nature/Textures/T-Alpha/AL-Pine-01.uasset" 549
"E:/GIT/GGJ2023/Game/Content/Kobo_Nature/Textures/T-Alpha/AL-Pine-01.ubulk" 550
"E:/GIT/GGJ2023/Game/Content/Kobo_Nature/Textures/T-Alpha/AL-Pine-01.uexp" 551
"../../../Engine/Content/Functions/Engine_MaterialFunctions02/Texturing/CustomRotator.uasset" 552
"../../../Engine/Content/Functions/Engine_MaterialFunctions02/Texturing/CustomRotator.uexp" 553
"../../../Engine/Content/Functions/Engine_MaterialFunctions01/Gradient/LinearGradient.uasset" 554
"../../../Engine/Content/Functions/Engine_MaterialFunctions01/Gradient/LinearGradient.uexp" 555
"../../../Engine/Content/Functions/Engine_MaterialFunctions01/WorldPositionOffset/SimpleGrassWind.uasset" 556
"../../../Engine/Content/Functions/Engine_MaterialFunctions01/WorldPositionOffset/SimpleGrassWind.uexp" 557
"E:/GIT/GGJ2023/Game/Content/Kobo_Nature/Textures/T-Alpha/AL-Birch-02.uasset" 558
"E:/GIT/GGJ2023/Game/Content/Kobo_Nature/Textures/T-Alpha/AL-Birch-02.ubulk" 559
"E:/GIT/GGJ2023/Game/Content/Kobo_Nature/Textures/T-Alpha/AL-Birch-02.uexp" 560
"E:/GIT/GGJ2023/Game/Content/Kobo_Nature/Textures/T-Alpha/AL-Noise-02.uasset" 561
"E:/GIT/GGJ2023/Game/Content/Kobo_Nature/Textures/T-Alpha/AL-Noise-02.ubulk" 562
"E:/GIT/GGJ2023/Game/Content/Kobo_Nature/Textures/T-Alpha/AL-Noise-02.uexp" 563
"E:/GIT/GGJ2023/Game/Content/Kobo_Nature/Materials/M-Master/M-Leaves.uasset" 564
"E:/GIT/GGJ2023/Game/Content/Kobo_Nature/Materials/M-Master/M-Leaves.uexp" 565
"E:/GIT/GGJ2023/Game/Content/Kobo_Nature/Materials/M-Instances/MI-Leaves/MI-PineLeaves-02.uasset" 566
"E:/GIT/GGJ2023/Game/Content/Kobo_Nature/Materials/M-Instances/MI-Leaves/MI-PineLeaves-02.uexp" 567
"E:/GIT/GGJ2023/Game/Content/Kobo_Nature/Meshes/SM-Pine/SM-Pine-01.uasset" 568
"E:/GIT/GGJ2023/Game/Content/Kobo_Nature/Meshes/SM-Pine/SM-Pine-01.uexp" 569
"E:/GIT/GGJ2023/Game/Content/Kobo_Nature/Textures/T-Normal/N-PlantAtlas-01.uasset" 570
"E:/GIT/GGJ2023/Game/Content/Kobo_Nature/Textures/T-Normal/N-PlantAtlas-01.ubulk" 571
"E:/GIT/GGJ2023/Game/Content/Kobo_Nature/Textures/T-Normal/N-PlantAtlas-01.uexp" 572
"E:/GIT/GGJ2023/Game/Content/Kobo_Nature/Textures/T-Alpha/AL-FlowerHue-01.uasset" 573
"E:/GIT/GGJ2023/Game/Content/Kobo_Nature/Textures/T-Alpha/AL-FlowerHue-01.ubulk" 574
"E:/GIT/GGJ2023/Game/Content/Kobo_Nature/Textures/T-Alpha/AL-FlowerHue-01.uexp" 575
"E:/GIT/GGJ2023/Game/Content/Kobo_Nature/Textures/T-Albedo/A-PlantAtlas-01.uasset" 576
"E:/GIT/GGJ2023/Game/Content/Kobo_Nature/Textures/T-Albedo/A-PlantAtlas-01.ubulk" 577
"E:/GIT/GGJ2023/Game/Content/Kobo_Nature/Textures/T-Albedo/A-PlantAtlas-01.uexp" 578
"E:/GIT/GGJ2023/Game/Content/Kobo_Nature/Textures/T-Alpha/AL-FlowerHue-02.uasset" 579
"E:/GIT/GGJ2023/Game/Content/Kobo_Nature/Textures/T-Alpha/AL-FlowerHue-02.ubulk" 580
"E:/GIT/GGJ2023/Game/Content/Kobo_Nature/Textures/T-Alpha/AL-FlowerHue-02.uexp" 581
"E:/GIT/GGJ2023/Game/Content/Kobo_Nature/Materials/MF-SimpleGrassWindAlt.uasset" 582
"E:/GIT/GGJ2023/Game/Content/Kobo_Nature/Materials/MF-SimpleGrassWindAlt.uexp" 583
"E:/GIT/GGJ2023/Game/Content/Kobo_Nature/Materials/M-Master/M-Plants.uasset" 584
"E:/GIT/GGJ2023/Game/Content/Kobo_Nature/Materials/M-Master/M-Plants.uexp" 585
"E:/GIT/GGJ2023/Game/Content/Kobo_Nature/Materials/M-Instances/MI-Plants/MI-Plants-08.uasset" 586
"E:/GIT/GGJ2023/Game/Content/Kobo_Nature/Materials/M-Instances/MI-Plants/MI-Plants-08.uexp" 587
"E:/GIT/GGJ2023/Game/Content/Kobo_Nature/Meshes/SM-Plants/SM-Plants-06.uasset" 588
"E:/GIT/GGJ2023/Game/Content/Kobo_Nature/Meshes/SM-Plants/SM-Plants-06.uexp" 589
"E:/GIT/GGJ2023/Game/Content/Kobo_Nature/Textures/T-Albedo/A-Birch-01.uasset" 590
"E:/GIT/GGJ2023/Game/Content/Kobo_Nature/Textures/T-Albedo/A-Birch-01.ubulk" 591
"E:/GIT/GGJ2023/Game/Content/Kobo_Nature/Textures/T-Albedo/A-Birch-01.uexp" 592
"E:/GIT/GGJ2023/Game/Content/Kobo_Nature/Textures/T-Normal/N-Birch-01.uasset" 593
"E:/GIT/GGJ2023/Game/Content/Kobo_Nature/Textures/T-Normal/N-Birch-01.ubulk" 594
"E:/GIT/GGJ2023/Game/Content/Kobo_Nature/Textures/T-Normal/N-Birch-01.uexp" 595
"E:/GIT/GGJ2023/Game/Content/Kobo_Nature/Materials/M-Instances/MI-Trunk/MI-Birch-01.uasset" 596
"E:/GIT/GGJ2023/Game/Content/Kobo_Nature/Materials/M-Instances/MI-Trunk/MI-Birch-01.uexp" 597
"E:/GIT/GGJ2023/Game/Content/Kobo_Nature/Textures/T-Alpha/AL-Birch-01.uasset" 598
"E:/GIT/GGJ2023/Game/Content/Kobo_Nature/Textures/T-Alpha/AL-Birch-01.ubulk" 599
"E:/GIT/GGJ2023/Game/Content/Kobo_Nature/Textures/T-Alpha/AL-Birch-01.uexp" 600
"E:/GIT/GGJ2023/Game/Content/Kobo_Nature/Materials/M-Instances/MI-Leaves/MI-BirchLeaves-02.uasset" 601
"E:/GIT/GGJ2023/Game/Content/Kobo_Nature/Materials/M-Instances/MI-Leaves/MI-BirchLeaves-02.uexp" 602
"E:/GIT/GGJ2023/Game/Content/Kobo_Nature/Meshes/SM-Birch/SM-Birch-01.uasset" 603
"E:/GIT/GGJ2023/Game/Content/Kobo_Nature/Meshes/SM-Birch/SM-Birch-01.uexp" 604
"../../../Engine/Content/EngineMaterials/BlendFunc_DefBlend.uasset" 605
"../../../Engine/Content/EngineMaterials/BlendFunc_DefBlend.uexp" 606
"../../../Engine/Content/EngineMaterials/BlendFunc_DefBase.uasset" 607
"../../../Engine/Content/EngineMaterials/BlendFunc_DefBase.uexp" 608
"../../../Engine/Content/Functions/Engine_MaterialFunctions03/Blends/Blend_Overlay.uasset" 609
"../../../Engine/Content/Functions/Engine_MaterialFunctions03/Blends/Blend_Overlay.uexp" 610
"../../../Engine/Content/OpenWorldTemplate/LandscapeMaterial/T_GridChecker_A.uasset" 611
"../../../Engine/Content/OpenWorldTemplate/LandscapeMaterial/T_GridChecker_A.ubulk" 612
"../../../Engine/Content/OpenWorldTemplate/LandscapeMaterial/T_GridChecker_A.uexp" 613
"../../../Engine/Content/Functions/Engine_MaterialFunctions01/ImageAdjustment/CheapContrast.uasset" 614
"../../../Engine/Content/Functions/Engine_MaterialFunctions01/ImageAdjustment/CheapContrast.uexp" 615
"../../../Engine/Content/OpenWorldTemplate/LandscapeMaterial/MF_ProcGrid.uasset" 616
"../../../Engine/Content/OpenWorldTemplate/LandscapeMaterial/MF_ProcGrid.uexp" 617
"../../../Engine/Content/OpenWorldTemplate/LandscapeMaterial/M_ProcGrid.uasset" 618
"../../../Engine/Content/OpenWorldTemplate/LandscapeMaterial/M_ProcGrid.uexp" 619
"../../../Engine/Content/OpenWorldTemplate/LandscapeMaterial/MI_ProcGrid.uasset" 620
"../../../Engine/Content/OpenWorldTemplate/LandscapeMaterial/MI_ProcGrid.uexp" 621
"E:/GIT/GGJ2023/Game/Content/UI/Blueprints/BP_MainMenuGameMode.uasset" 622
"E:/GIT/GGJ2023/Game/Content/UI/Blueprints/BP_MainMenuGameMode.uexp" 623
"E:/GIT/GGJ2023/Game/Content/StylizedTruckPack/Textures/T_Truck_Mat2_Normal.uasset" 624
"E:/GIT/GGJ2023/Game/Content/StylizedTruckPack/Textures/T_Truck_Mat2_Normal.ubulk" 625
"E:/GIT/GGJ2023/Game/Content/StylizedTruckPack/Textures/T_Truck_Mat2_Normal.uexp" 626
"E:/GIT/GGJ2023/Game/Content/StylizedTruckPack/Textures/T_Truck_Mat2_BaseColor.uasset" 627
"E:/GIT/GGJ2023/Game/Content/StylizedTruckPack/Textures/T_Truck_Mat2_BaseColor.ubulk" 628
"E:/GIT/GGJ2023/Game/Content/StylizedTruckPack/Textures/T_Truck_Mat2_BaseColor.uexp" 629
"E:/GIT/GGJ2023/Game/Content/StylizedTruckPack/Textures/T_Truck_Mat2_OcclusionRoughnessMetallic.uasset" 630
"E:/GIT/GGJ2023/Game/Content/StylizedTruckPack/Textures/T_Truck_Mat2_OcclusionRoughnessMetallic.ubulk" 631
"E:/GIT/GGJ2023/Game/Content/StylizedTruckPack/Textures/T_Truck_Mat2_OcclusionRoughnessMetallic.uexp" 632
"E:/GIT/GGJ2023/Game/Content/StylizedTruckPack/Materials/M_BasicMaterial.uasset" 633
"E:/GIT/GGJ2023/Game/Content/StylizedTruckPack/Materials/M_BasicMaterial.uexp" 634
"E:/GIT/GGJ2023/Game/Content/StylizedTruckPack/Textures/T_Trunk_Mat4_OcclusionRoughnessMetallic.uasset" 635
"E:/GIT/GGJ2023/Game/Content/StylizedTruckPack/Textures/T_Trunk_Mat4_OcclusionRoughnessMetallic.ubulk" 636
"E:/GIT/GGJ2023/Game/Content/StylizedTruckPack/Textures/T_Trunk_Mat4_OcclusionRoughnessMetallic.uexp" 637
"E:/GIT/GGJ2023/Game/Content/StylizedTruckPack/Textures/T_Trunk_Mat4_BaseColor.uasset" 638
"E:/GIT/GGJ2023/Game/Content/StylizedTruckPack/Textures/T_Trunk_Mat4_BaseColor.ubulk" 639
"E:/GIT/GGJ2023/Game/Content/StylizedTruckPack/Textures/T_Trunk_Mat4_BaseColor.uexp" 640
"E:/GIT/GGJ2023/Game/Content/StylizedTruckPack/Textures/T_Trunk_Mat4_Normal.uasset" 641
"E:/GIT/GGJ2023/Game/Content/StylizedTruckPack/Textures/T_Trunk_Mat4_Normal.ubulk" 642
"E:/GIT/GGJ2023/Game/Content/StylizedTruckPack/Textures/T_Trunk_Mat4_Normal.uexp" 643
"E:/GIT/GGJ2023/Game/Content/StylizedTruckPack/Materials/MI_Trunk.uasset" 644
"E:/GIT/GGJ2023/Game/Content/StylizedTruckPack/Materials/MI_Trunk.uexp" 645
"E:/GIT/GGJ2023/Game/Content/StylizedTruckPack/Meshes/SM_Trunk.uasset" 646
"E:/GIT/GGJ2023/Game/Content/StylizedTruckPack/Meshes/SM_Trunk.uexp" 647
"E:/GIT/GGJ2023/Game/Content/Grass.uasset" 648
"E:/GIT/GGJ2023/Game/Content/Grass.uexp" 649
"../../../Engine/Content/EngineSky/T_Sky_Stars.uasset" 650
"../../../Engine/Content/EngineSky/T_Sky_Stars.ubulk" 651
"../../../Engine/Content/EngineSky/T_Sky_Stars.uexp" 652
"../../../Engine/Content/EngineSky/T_Sky_Clouds_M.uasset" 653
"../../../Engine/Content/EngineSky/T_Sky_Clouds_M.ubulk" 654
"../../../Engine/Content/EngineSky/T_Sky_Clouds_M.uexp" 655
"../../../Engine/Content/EngineSky/T_Sky_Blue.uasset" 656
"../../../Engine/Content/EngineSky/T_Sky_Blue.ubulk" 657
"../../../Engine/Content/EngineSky/T_Sky_Blue.uexp" 658
"../../../Engine/Content/EngineSky/M_Sky_Panning_Clouds2.uasset" 659
"../../../Engine/Content/EngineSky/M_Sky_Panning_Clouds2.uexp" 660
"../../../Engine/Content/EngineSky/SM_SkySphere.uasset" 661
"../../../Engine/Content/EngineSky/SM_SkySphere.uexp" 662
"E:/GIT/GGJ2023/Game/Content/StylizedTruckPack/Textures/T_Truck_Mat2_Emissive_Mask_Right_Hazard_Light.uasset" 663
"E:/GIT/GGJ2023/Game/Content/StylizedTruckPack/Textures/T_Truck_Mat2_Emissive_Mask_Right_Hazard_Light.ubulk" 664
"E:/GIT/GGJ2023/Game/Content/StylizedTruckPack/Textures/T_Truck_Mat2_Emissive_Mask_Right_Hazard_Light.uexp" 665
"E:/GIT/GGJ2023/Game/Content/StylizedTruckPack/Textures/T_Truck_Mat2_Emissive_Mask_Left_Hazard_Light.uasset" 666
"E:/GIT/GGJ2023/Game/Content/StylizedTruckPack/Textures/T_Truck_Mat2_Emissive_Mask_Left_Hazard_Light.ubulk" 667
"E:/GIT/GGJ2023/Game/Content/StylizedTruckPack/Textures/T_Truck_Mat2_Emissive_Mask_Left_Hazard_Light.uexp" 668
"E:/GIT/GGJ2023/Game/Content/StylizedTruckPack/Textures/T_Truck_Mat2_Emissive_Mask_HeadLight.uasset" 669
"E:/GIT/GGJ2023/Game/Content/StylizedTruckPack/Textures/T_Truck_Mat2_Emissive_Mask_HeadLight.ubulk" 670
"E:/GIT/GGJ2023/Game/Content/StylizedTruckPack/Textures/T_Truck_Mat2_Emissive_Mask_HeadLight.uexp" 671
"E:/GIT/GGJ2023/Game/Content/StylizedTruckPack/Materials/M_Panel_Emissive.uasset" 672
"E:/GIT/GGJ2023/Game/Content/StylizedTruckPack/Materials/M_Panel_Emissive.uexp" 673
"E:/GIT/GGJ2023/Game/Content/StylizedTruckPack/Materials/MI_Truck_Mat2.uasset" 674
"E:/GIT/GGJ2023/Game/Content/StylizedTruckPack/Materials/MI_Truck_Mat2.uexp" 675
"E:/GIT/GGJ2023/Game/Content/StylizedTruckPack/Textures/T_Truck_Glass_OcclusionRoughnessMetallic.uasset" 676
"E:/GIT/GGJ2023/Game/Content/StylizedTruckPack/Textures/T_Truck_Glass_OcclusionRoughnessMetallic.ubulk" 677
"E:/GIT/GGJ2023/Game/Content/StylizedTruckPack/Textures/T_Truck_Glass_OcclusionRoughnessMetallic.uexp" 678
"E:/GIT/GGJ2023/Game/Content/StylizedTruckPack/Textures/T_Truck_Glass_Normal.uasset" 679
"E:/GIT/GGJ2023/Game/Content/StylizedTruckPack/Textures/T_Truck_Glass_Normal.ubulk" 680
"E:/GIT/GGJ2023/Game/Content/StylizedTruckPack/Textures/T_Truck_Glass_Normal.uexp" 681
"E:/GIT/GGJ2023/Game/Content/StylizedTruckPack/Textures/T_Truck_Glass_BaseColor.uasset" 682
"E:/GIT/GGJ2023/Game/Content/StylizedTruckPack/Textures/T_Truck_Glass_BaseColor.ubulk" 683
"E:/GIT/GGJ2023/Game/Content/StylizedTruckPack/Textures/T_Truck_Glass_BaseColor.uexp" 684
"E:/GIT/GGJ2023/Game/Content/StylizedTruckPack/Materials/M_Glass_Basic_Material.uasset" 685
"E:/GIT/GGJ2023/Game/Content/StylizedTruckPack/Materials/M_Glass_Basic_Material.uexp" 686
"E:/GIT/GGJ2023/Game/Content/StylizedTruckPack/Materials/MI_Truck_Glass.uasset" 687
"E:/GIT/GGJ2023/Game/Content/StylizedTruckPack/Materials/MI_Truck_Glass.uexp" 688
"E:/GIT/GGJ2023/Game/Content/StylizedTruckPack/Textures/T_Truck_Mat1_OcclusionRoughnessMetallic.uasset" 689
"E:/GIT/GGJ2023/Game/Content/StylizedTruckPack/Textures/T_Truck_Mat1_OcclusionRoughnessMetallic.ubulk" 690
"E:/GIT/GGJ2023/Game/Content/StylizedTruckPack/Textures/T_Truck_Mat1_OcclusionRoughnessMetallic.uexp" 691
"E:/GIT/GGJ2023/Game/Content/StylizedTruckPack/Textures/T_Truck_Mat1_Emissive_Mask_Left_Hazard_Light.uasset" 692
"E:/GIT/GGJ2023/Game/Content/StylizedTruckPack/Textures/T_Truck_Mat1_Emissive_Mask_Left_Hazard_Light.ubulk" 693
"E:/GIT/GGJ2023/Game/Content/StylizedTruckPack/Textures/T_Truck_Mat1_Emissive_Mask_Left_Hazard_Light.uexp" 694
"E:/GIT/GGJ2023/Game/Content/StylizedTruckPack/Textures/T_Truck_Mat1_Normal.uasset" 695
"E:/GIT/GGJ2023/Game/Content/StylizedTruckPack/Textures/T_Truck_Mat1_Normal.ubulk" 696
"E:/GIT/GGJ2023/Game/Content/StylizedTruckPack/Textures/T_Truck_Mat1_Normal.uexp" 697
"E:/GIT/GGJ2023/Game/Content/StylizedTruckPack/Textures/T_Truck_Mat1_Mask.uasset" 698
"E:/GIT/GGJ2023/Game/Content/StylizedTruckPack/Textures/T_Truck_Mat1_Mask.ubulk" 699
"E:/GIT/GGJ2023/Game/Content/StylizedTruckPack/Textures/T_Truck_Mat1_Mask.uexp" 700
"E:/GIT/GGJ2023/Game/Content/StylizedTruckPack/Textures/T_Truck_Mat1_Emissive_Mask_Headlight.uasset" 701
"E:/GIT/GGJ2023/Game/Content/StylizedTruckPack/Textures/T_Truck_Mat1_Emissive_Mask_Headlight.ubulk" 702
"E:/GIT/GGJ2023/Game/Content/StylizedTruckPack/Textures/T_Truck_Mat1_Emissive_Mask_Headlight.uexp" 703
"E:/GIT/GGJ2023/Game/Content/StylizedTruckPack/Textures/T_Truck_Mat1_Emissive_Mask_Rear.uasset" 704
"E:/GIT/GGJ2023/Game/Content/StylizedTruckPack/Textures/T_Truck_Mat1_Emissive_Mask_Rear.ubulk" 705
"E:/GIT/GGJ2023/Game/Content/StylizedTruckPack/Textures/T_Truck_Mat1_Emissive_Mask_Rear.uexp" 706
"E:/GIT/GGJ2023/Game/Content/StylizedTruckPack/Textures/T_Truck_Mat1_Emissive_Mask_Brake.uasset" 707
"E:/GIT/GGJ2023/Game/Content/StylizedTruckPack/Textures/T_Truck_Mat1_Emissive_Mask_Brake.ubulk" 708
"E:/GIT/GGJ2023/Game/Content/StylizedTruckPack/Textures/T_Truck_Mat1_Emissive_Mask_Brake.uexp" 709
"E:/GIT/GGJ2023/Game/Content/StylizedTruckPack/Textures/T_Truck_Mat1_Emissive_Mask_Right_Hazard_Light.uasset" 710
"E:/GIT/GGJ2023/Game/Content/StylizedTruckPack/Textures/T_Truck_Mat1_Emissive_Mask_Right_Hazard_Light.ubulk" 711
"E:/GIT/GGJ2023/Game/Content/StylizedTruckPack/Textures/T_Truck_Mat1_Emissive_Mask_Right_Hazard_Light.uexp" 712
"E:/GIT/GGJ2023/Game/Content/StylizedTruckPack/Textures/T_Truck_Mat1_BaseColor.uasset" 713
"E:/GIT/GGJ2023/Game/Content/StylizedTruckPack/Textures/T_Truck_Mat1_BaseColor.ubulk" 714
"E:/GIT/GGJ2023/Game/Content/StylizedTruckPack/Textures/T_Truck_Mat1_BaseColor.uexp" 715
"E:/GIT/GGJ2023/Game/Content/StylizedTruckPack/Materials/M_Truck_Emissive.uasset" 716
"E:/GIT/GGJ2023/Game/Content/StylizedTruckPack/Materials/M_Truck_Emissive.uexp" 717
"E:/GIT/GGJ2023/Game/Content/StylizedTruckPack/Materials/MI_Truck_Blue.uasset" 718
"E:/GIT/GGJ2023/Game/Content/StylizedTruckPack/Materials/MI_Truck_Blue.uexp" 719
"E:/GIT/GGJ2023/Game/Content/StylizedTruckPack/Meshes/SK_Truck.uasset" 720
"E:/GIT/GGJ2023/Game/Content/StylizedTruckPack/Meshes/SK_Truck.uexp" 721
"E:/GIT/GGJ2023/Game/Content/Kobo_Nature/Materials/M-Instances/MI-Plants/MI-Plants-10.uasset" 722
"E:/GIT/GGJ2023/Game/Content/Kobo_Nature/Materials/M-Instances/MI-Plants/MI-Plants-10.uexp" 723
"E:/GIT/GGJ2023/Game/Content/Kobo_Nature/Meshes/SM-Plants/SM-Plants-10.uasset" 724
"E:/GIT/GGJ2023/Game/Content/Kobo_Nature/Meshes/SM-Plants/SM-Plants-10.uexp" 725
"E:/GIT/GGJ2023/Game/Content/Kobo_Nature/Textures/T-Normal/N-Pine-03.uasset" 726
"E:/GIT/GGJ2023/Game/Content/Kobo_Nature/Textures/T-Normal/N-Pine-03.ubulk" 727
"E:/GIT/GGJ2023/Game/Content/Kobo_Nature/Textures/T-Normal/N-Pine-03.uexp" 728
"E:/GIT/GGJ2023/Game/Content/Kobo_Nature/Textures/T-Albedo/A-Pine-03.uasset" 729
"E:/GIT/GGJ2023/Game/Content/Kobo_Nature/Textures/T-Albedo/A-Pine-03.ubulk" 730
"E:/GIT/GGJ2023/Game/Content/Kobo_Nature/Textures/T-Albedo/A-Pine-03.uexp" 731
"E:/GIT/GGJ2023/Game/Content/Kobo_Nature/Materials/M-Instances/MI-Trunk/MI-Pine-03.uasset" 732
"E:/GIT/GGJ2023/Game/Content/Kobo_Nature/Materials/M-Instances/MI-Trunk/MI-Pine-03.uexp" 733
"E:/GIT/GGJ2023/Game/Content/Kobo_Nature/Materials/M-Instances/MI-Leaves/MI-PineLeaves-05.uasset" 734
"E:/GIT/GGJ2023/Game/Content/Kobo_Nature/Materials/M-Instances/MI-Leaves/MI-PineLeaves-05.uexp" 735
"E:/GIT/GGJ2023/Game/Content/Kobo_Nature/Meshes/SM-Pine/SM-Pine-03.uasset" 736
"E:/GIT/GGJ2023/Game/Content/Kobo_Nature/Meshes/SM-Pine/SM-Pine-03.uexp" 737
"../../../Engine/Content/MapTemplates/SM_Template_Map_Floor.uasset" 738
"../../../Engine/Content/MapTemplates/SM_Template_Map_Floor.uexp" 739
"../../../Engine/Content/EngineMaterials/DefaultPhysicalMaterial.uasset" 740
"../../../Engine/Content/EngineMaterials/DefaultPhysicalMaterial.uexp" 741
"E:/GIT/GGJ2023/Game/Content/UI/Assets/OptionsButton.uasset" 742
"E:/GIT/GGJ2023/Game/Content/UI/Assets/OptionsButton.uexp" 743
"E:/GIT/GGJ2023/Game/Content/UI/Assets/OptionsButton_Hovered.uasset" 744
"E:/GIT/GGJ2023/Game/Content/UI/Assets/OptionsButton_Hovered.uexp" 745
"E:/GIT/GGJ2023/Game/Content/UI/Assets/masterVolume.uasset" 746
"E:/GIT/GGJ2023/Game/Content/UI/Assets/masterVolume.uexp" 747
"../../../Engine/Content/EngineSounds/Master.uasset" 748
"../../../Engine/Content/EngineSounds/Master.uexp" 749
"E:/GIT/GGJ2023/Game/Content/UI/Assets/StartButton_Hovered.uasset" 750
"E:/GIT/GGJ2023/Game/Content/UI/Assets/StartButton_Hovered.uexp" 751
"E:/GIT/GGJ2023/Game/Content/UI/Assets/title_-_o.uasset" 752
"E:/GIT/GGJ2023/Game/Content/UI/Assets/title_-_o.uexp" 753
"E:/GIT/GGJ2023/Game/Content/UI/Assets/title_-_r.uasset" 754
"E:/GIT/GGJ2023/Game/Content/UI/Assets/title_-_r.uexp" 755
"E:/GIT/GGJ2023/Game/Content/UI/Assets/title_-_big_r.uasset" 756
"E:/GIT/GGJ2023/Game/Content/UI/Assets/title_-_big_r.uexp" 757
"E:/GIT/GGJ2023/Game/Content/UI/Assets/title_-_grass.uasset" 758
"E:/GIT/GGJ2023/Game/Content/UI/Assets/title_-_grass.uexp" 759
"E:/GIT/GGJ2023/Game/Content/UI/Assets/title_-_a.uasset" 760
"E:/GIT/GGJ2023/Game/Content/UI/Assets/title_-_a.uexp" 761
"E:/GIT/GGJ2023/Game/Content/UI/Assets/title_-_carrot.uasset" 762
"E:/GIT/GGJ2023/Game/Content/UI/Assets/title_-_carrot.uexp" 763
"E:/GIT/GGJ2023/Game/Content/UI/Assets/title_-_c.uasset" 764
"E:/GIT/GGJ2023/Game/Content/UI/Assets/title_-_c.uexp" 765
"E:/GIT/GGJ2023/Game/Content/UI/Assets/title_-_t.uasset" 766
"E:/GIT/GGJ2023/Game/Content/UI/Assets/title_-_t.uexp" 767
"E:/GIT/GGJ2023/Game/Content/UI/Assets/title_-_e.uasset" 768
"E:/GIT/GGJ2023/Game/Content/UI/Assets/title_-_e.uexp" 769
"E:/GIT/GGJ2023/Game/Content/UI/Assets/title_-_n.uasset" 770
"E:/GIT/GGJ2023/Game/Content/UI/Assets/title_-_n.uexp" 771
"E:/GIT/GGJ2023/Game/Content/UI/Assets/title_-_leaf.uasset" 772
"E:/GIT/GGJ2023/Game/Content/UI/Assets/title_-_leaf.uexp" 773
"E:/GIT/GGJ2023/Game/Content/UI/Assets/title_-_h.uasset" 774
"E:/GIT/GGJ2023/Game/Content/UI/Assets/title_-_h.uexp" 775
"E:/GIT/GGJ2023/Game/Content/UI/Blueprints/W_Title.uasset" 776
"E:/GIT/GGJ2023/Game/Content/UI/Blueprints/W_Title.uexp" 777
"E:/GIT/GGJ2023/Game/Content/UI/Assets/QuitButton.uasset" 778
"E:/GIT/GGJ2023/Game/Content/UI/Assets/QuitButton.uexp" 779
"E:/GIT/GGJ2023/Game/Content/UI/Assets/QuitButton_Hovered.uasset" 780
"E:/GIT/GGJ2023/Game/Content/UI/Assets/QuitButton_Hovered.uexp" 781
"E:/GIT/GGJ2023/Game/Content/UI/Assets/options_logoo.uasset" 782
"E:/GIT/GGJ2023/Game/Content/UI/Assets/options_logoo.uexp" 783
"E:/GIT/GGJ2023/Game/Content/UI/Assets/turnip.uasset" 784
"E:/GIT/GGJ2023/Game/Content/UI/Assets/turnip.uexp" 785
"E:/GIT/GGJ2023/Game/Content/UI/Assets/volume_off.uasset" 786
"E:/GIT/GGJ2023/Game/Content/UI/Assets/volume_off.uexp" 787
"E:/GIT/GGJ2023/Game/Content/UI/Assets/carrot_-_left.uasset" 788
"E:/GIT/GGJ2023/Game/Content/UI/Assets/carrot_-_left.uexp" 789
"E:/GIT/GGJ2023/Game/Content/UI/Assets/volume_on.uasset" 790
"E:/GIT/GGJ2023/Game/Content/UI/Assets/volume_on.uexp" 791
"E:/GIT/GGJ2023/Game/Content/Audio/NewSoundMix.uasset" 792
"E:/GIT/GGJ2023/Game/Content/Audio/NewSoundMix.uexp" 793
"E:/GIT/GGJ2023/Game/Content/UI/Assets/StartButton.uasset" 794
"E:/GIT/GGJ2023/Game/Content/UI/Assets/StartButton.uexp" 795
"E:/GIT/GGJ2023/Game/Content/UI/Assets/carrot.uasset" 796
"E:/GIT/GGJ2023/Game/Content/UI/Assets/carrot.uexp" 797
"E:/GIT/GGJ2023/Game/Content/UI/Blueprints/MenuCamera.uasset" 798
"E:/GIT/GGJ2023/Game/Content/UI/Blueprints/MenuCamera.uexp" 799
"../../../Engine/Content/EditorBlueprintResources/StandardMacros.uasset" 800
"../../../Engine/Content/EditorBlueprintResources/StandardMacros.uexp" 801
"E:/GIT/GGJ2023/Game/Content/UI/Blueprints/W_MainMenu.uasset" 802
"E:/GIT/GGJ2023/Game/Content/UI/Blueprints/W_MainMenu.uexp" 803
"E:/GIT/GGJ2023/Game/Content/Audio/menuMusic.uasset" 804
"E:/GIT/GGJ2023/Game/Content/Audio/menuMusic.ubulk" 805
"E:/GIT/GGJ2023/Game/Content/Audio/menuMusic.uexp" 806
"E:/GIT/GGJ2023/Game/Content/Audio/MenuMusic_Cue.uasset" 807
"E:/GIT/GGJ2023/Game/Content/Audio/MenuMusic_Cue.uexp" 808
"E:/GIT/GGJ2023/Game/Content/Kobo_Nature/Materials/M-Instances/MI-Plants/MI-Plants-09.uasset" 809
"E:/GIT/GGJ2023/Game/Content/Kobo_Nature/Materials/M-Instances/MI-Plants/MI-Plants-09.uexp" 810
"E:/GIT/GGJ2023/Game/Content/Kobo_Nature/Meshes/SM-Plants/SM-Plants-09.uasset" 811
"E:/GIT/GGJ2023/Game/Content/Kobo_Nature/Meshes/SM-Plants/SM-Plants-09.uexp" 812
"E:/GIT/GGJ2023/Game/Content/Kobo_Nature/Textures/T-Normal/N-Rock-11.uasset" 813
"E:/GIT/GGJ2023/Game/Content/Kobo_Nature/Textures/T-Normal/N-Rock-11.ubulk" 814
"E:/GIT/GGJ2023/Game/Content/Kobo_Nature/Textures/T-Normal/N-Rock-11.uexp" 815
"E:/GIT/GGJ2023/Game/Content/Kobo_Nature/Textures/T-Albedo/A-Rock-11.uasset" 816
"E:/GIT/GGJ2023/Game/Content/Kobo_Nature/Textures/T-Albedo/A-Rock-11.ubulk" 817
"E:/GIT/GGJ2023/Game/Content/Kobo_Nature/Textures/T-Albedo/A-Rock-11.uexp" 818
"E:/GIT/GGJ2023/Game/Content/Kobo_Nature/Materials/M-Instances/MI-Rocks/MI-Rock-11.uasset" 819
"E:/GIT/GGJ2023/Game/Content/Kobo_Nature/Materials/M-Instances/MI-Rocks/MI-Rock-11.uexp" 820
"E:/GIT/GGJ2023/Game/Content/Kobo_Nature/Meshes/SM-Rocks/SM-Rock-11.uasset" 821
"E:/GIT/GGJ2023/Game/Content/Kobo_Nature/Meshes/SM-Rocks/SM-Rock-11.uexp" 822
"E:/GIT/GGJ2023/Game/Content/Kobo_Nature/Textures/T-Albedo/A-Rock-15.uasset" 823
"E:/GIT/GGJ2023/Game/Content/Kobo_Nature/Textures/T-Albedo/A-Rock-15.ubulk" 824
"E:/GIT/GGJ2023/Game/Content/Kobo_Nature/Textures/T-Albedo/A-Rock-15.uexp" 825
"E:/GIT/GGJ2023/Game/Content/Kobo_Nature/Textures/T-Normal/N-Rock-15.uasset" 826
"E:/GIT/GGJ2023/Game/Content/Kobo_Nature/Textures/T-Normal/N-Rock-15.ubulk" 827
"E:/GIT/GGJ2023/Game/Content/Kobo_Nature/Textures/T-Normal/N-Rock-15.uexp" 828
"E:/GIT/GGJ2023/Game/Content/Kobo_Nature/Materials/M-Instances/MI-Rocks/MI-Rock-15.uasset" 829
"E:/GIT/GGJ2023/Game/Content/Kobo_Nature/Materials/M-Instances/MI-Rocks/MI-Rock-15.uexp" 830
"E:/GIT/GGJ2023/Game/Content/Kobo_Nature/Meshes/SM-Rocks/SM-Rock-15.uasset" 831
"E:/GIT/GGJ2023/Game/Content/Kobo_Nature/Meshes/SM-Rocks/SM-Rock-15.uexp" 832
"../../../Engine/Content/Functions/Engine_MaterialFunctions01/SpeedTree/SpeedTreeColorVariation.uasset" 833
"../../../Engine/Content/Functions/Engine_MaterialFunctions01/SpeedTree/SpeedTreeColorVariation.uexp" 834
"E:/GIT/GGJ2023/Game/Content/Kobo_Nature/Textures/T-Alpha/AL-Grass-01.uasset" 835
"E:/GIT/GGJ2023/Game/Content/Kobo_Nature/Textures/T-Alpha/AL-Grass-01.ubulk" 836
"E:/GIT/GGJ2023/Game/Content/Kobo_Nature/Textures/T-Alpha/AL-Grass-01.uexp" 837
"E:/GIT/GGJ2023/Game/Content/Kobo_Nature/Textures/T-Alpha/AL-Noise-07.uasset" 838
"E:/GIT/GGJ2023/Game/Content/Kobo_Nature/Textures/T-Alpha/AL-Noise-07.ubulk" 839
"E:/GIT/GGJ2023/Game/Content/Kobo_Nature/Textures/T-Alpha/AL-Noise-07.uexp" 840
"E:/GIT/GGJ2023/Game/Content/Kobo_Nature/Materials/M-Master/M-Grass.uasset" 841
"E:/GIT/GGJ2023/Game/Content/Kobo_Nature/Materials/M-Master/M-Grass.uexp" 842
"E:/GIT/GGJ2023/Game/Content/Kobo_Nature/Materials/M-Instances/MI-Grass/MI-Grass-01.uasset" 843
"E:/GIT/GGJ2023/Game/Content/Kobo_Nature/Materials/M-Instances/MI-Grass/MI-Grass-01.uexp" 844
"E:/GIT/GGJ2023/Game/Content/Kobo_Nature/Meshes/SM-Grass/SM-Grass-01.uasset" 845
"E:/GIT/GGJ2023/Game/Content/Kobo_Nature/Meshes/SM-Grass/SM-Grass-01.uexp" 846
"../../../Engine/Content/EngineSky/M_SimpleSkyDome.uasset" 847
"../../../Engine/Content/EngineSky/M_SimpleSkyDome.uexp" 848
"E:/GIT/GGJ2023/Game/Content/FirstPerson/Maps/MainMenuMap.umap" 849
"E:/GIT/GGJ2023/Game/Content/FirstPerson/Maps/MainMenuMap.ubulk" 850
"E:/GIT/GGJ2023/Game/Content/FirstPerson/Maps/MainMenuMap.uexp" 851
"E:/GIT/GGJ2023/Game/Content/hay/hay_texture.uasset" 852
"E:/GIT/GGJ2023/Game/Content/hay/hay_texture.ubulk" 853
"E:/GIT/GGJ2023/Game/Content/hay/hay_texture.uexp" 854
"E:/GIT/GGJ2023/Game/Content/hay/Hay_Material.uasset" 855
"E:/GIT/GGJ2023/Game/Content/hay/Hay_Material.uexp" 856
"E:/GIT/GGJ2023/Game/Content/hay/hay.uasset" 857
"E:/GIT/GGJ2023/Game/Content/hay/hay.uexp" 858
"E:/GIT/GGJ2023/Game/Content/hay/Hay_Ac.uasset" 859
"E:/GIT/GGJ2023/Game/Content/hay/Hay_Ac.uexp" 860
"E:/GIT/GGJ2023/Game/Content/Audio/Music.uasset" 861
"E:/GIT/GGJ2023/Game/Content/Audio/Music.ubulk" 862
"E:/GIT/GGJ2023/Game/Content/Audio/Music.uexp" 863
"E:/GIT/GGJ2023/Game/Content/Audio/Music_Cue.uasset" 864
"E:/GIT/GGJ2023/Game/Content/Audio/Music_Cue.uexp" 865
"../../../Engine/Content/BasicShapes/Cube.uasset" 866
"../../../Engine/Content/BasicShapes/Cube.uexp" 867
"../../../Engine/Content/BasicShapes/BasicShapeMaterial.uasset" 868
"../../../Engine/Content/BasicShapes/BasicShapeMaterial.uexp" 869
"E:/GIT/GGJ2023/Game/Content/AI_Controller/VegType.uasset" 870
"E:/GIT/GGJ2023/Game/Content/AI_Controller/VegType.uexp" 871
"E:/GIT/GGJ2023/Game/Content/Maps/Rory/M_Arc.uasset" 872
"E:/GIT/GGJ2023/Game/Content/Maps/Rory/M_Arc.uexp" 873
"E:/GIT/GGJ2023/Game/Content/Maps/Rory/FinkHeavy.uasset" 874
"E:/GIT/GGJ2023/Game/Content/Maps/Rory/FinkHeavy.ufont" 875
"E:/GIT/GGJ2023/Game/Content/Maps/Rory/FinkHeavy.uexp" 876
"E:/GIT/GGJ2023/Game/Content/Maps/Rory/FinkHeavy_Font.uasset" 877
"E:/GIT/GGJ2023/Game/Content/Maps/Rory/FinkHeavy_Font.uexp" 878
"E:/GIT/GGJ2023/Game/Content/timer.uasset" 879
"E:/GIT/GGJ2023/Game/Content/timer.uexp" 880
"E:/GIT/GGJ2023/Game/Content/Audio/Order_complete.uasset" 881
"E:/GIT/GGJ2023/Game/Content/Audio/Order_complete.ubulk" 882
"E:/GIT/GGJ2023/Game/Content/Audio/Order_complete.uexp" 883
"E:/GIT/GGJ2023/Game/Content/Audio/Order_complete_Cue.uasset" 884
"E:/GIT/GGJ2023/Game/Content/Audio/Order_complete_Cue.uexp" 885
"E:/GIT/GGJ2023/Game/Content/Maps/Rory/W_OrderComplete.uasset" 886
"E:/GIT/GGJ2023/Game/Content/Maps/Rory/W_OrderComplete.uexp" 887
"E:/GIT/GGJ2023/Game/Content/Veg_Icons/Parsnip.uasset" 888
"E:/GIT/GGJ2023/Game/Content/Veg_Icons/Parsnip.uexp" 889
"E:/GIT/GGJ2023/Game/Content/Veg_Icons/carrot.uasset" 890
"E:/GIT/GGJ2023/Game/Content/Veg_Icons/carrot.uexp" 891
"E:/GIT/GGJ2023/Game/Content/Veg_Icons/turnip.uasset" 892
"E:/GIT/GGJ2023/Game/Content/Veg_Icons/turnip.uexp" 893
"E:/GIT/GGJ2023/Game/Content/Veg_Icons/onion.uasset" 894
"E:/GIT/GGJ2023/Game/Content/Veg_Icons/onion.uexp" 895
"E:/GIT/GGJ2023/Game/Content/Veg_Icons/potato.uasset" 896
"E:/GIT/GGJ2023/Game/Content/Veg_Icons/potato.uexp" 897
"E:/GIT/GGJ2023/Game/Content/Maps/Rory/VegCollection.uasset" 898
"E:/GIT/GGJ2023/Game/Content/Maps/Rory/VegCollection.uexp" 899
"E:/GIT/GGJ2023/Game/Content/Maps/Rory/Collection.uasset" 900
"E:/GIT/GGJ2023/Game/Content/Maps/Rory/Collection.uexp" 901
"E:/GIT/GGJ2023/Game/Content/Maps/Rory/W_ScoreChange.uasset" 902
"E:/GIT/GGJ2023/Game/Content/Maps/Rory/W_ScoreChange.uexp" 903
"E:/GIT/GGJ2023/Game/Content/Maps/Rory/W_Score.uasset" 904
"E:/GIT/GGJ2023/Game/Content/Maps/Rory/W_Score.uexp" 905
"E:/GIT/GGJ2023/Game/Content/Maps/Rory/HUDWidget.uasset" 906
"E:/GIT/GGJ2023/Game/Content/Maps/Rory/HUDWidget.uexp" 907
"E:/GIT/GGJ2023/Game/Content/FirstPersonArms/Character/Textures/T_Body_C.uasset" 908
"E:/GIT/GGJ2023/Game/Content/FirstPersonArms/Character/Textures/T_Body_C.ubulk" 909
"E:/GIT/GGJ2023/Game/Content/FirstPersonArms/Character/Textures/T_Body_C.uexp" 910
"E:/GIT/GGJ2023/Game/Content/FirstPersonArms/Character/Textures/T_Body_N.uasset" 911
"E:/GIT/GGJ2023/Game/Content/FirstPersonArms/Character/Textures/T_Body_N.ubulk" 912
"E:/GIT/GGJ2023/Game/Content/FirstPersonArms/Character/Textures/T_Body_N.uexp" 913
"../../../Engine/Content/EngineMaterials/FlatNormal.uasset" 914
"../../../Engine/Content/EngineMaterials/FlatNormal.uexp" 915
"E:/GIT/GGJ2023/Game/Content/FirstPersonArms/Character/Textures/Untitled.uasset" 916
"E:/GIT/GGJ2023/Game/Content/FirstPersonArms/Character/Textures/Untitled.ubulk" 917
"E:/GIT/GGJ2023/Game/Content/FirstPersonArms/Character/Textures/Untitled.uexp" 918
"E:/GIT/GGJ2023/Game/Content/FirstPersonArms/Character/Materials/HairMaterialParameterCollection.uasset" 919
"E:/GIT/GGJ2023/Game/Content/FirstPersonArms/Character/Materials/HairMaterialParameterCollection.uexp" 920
"E:/GIT/GGJ2023/Game/Content/FirstPersonArms/Character/Textures/T_BaseMask.uasset" 921
"E:/GIT/GGJ2023/Game/Content/FirstPersonArms/Character/Textures/T_BaseMask.ubulk" 922
"E:/GIT/GGJ2023/Game/Content/FirstPersonArms/Character/Textures/T_BaseMask.uexp" 923
"E:/GIT/GGJ2023/Game/Content/FirstPersonArms/Character/Materials/M_MasterBody.uasset" 924
"E:/GIT/GGJ2023/Game/Content/FirstPersonArms/Character/Materials/M_MasterBody.uexp" 925
"E:/GIT/GGJ2023/Game/Content/FirstPersonArms/Character/Textures/T_Body_M.uasset" 926
"E:/GIT/GGJ2023/Game/Content/FirstPersonArms/Character/Textures/T_Body_M.ubulk" 927
"E:/GIT/GGJ2023/Game/Content/FirstPersonArms/Character/Textures/T_Body_M.uexp" 928
"E:/GIT/GGJ2023/Game/Content/FirstPersonArms/Character/Materials/MI_Body.uasset" 929
"E:/GIT/GGJ2023/Game/Content/FirstPersonArms/Character/Materials/MI_Body.uexp" 930
"E:/GIT/GGJ2023/Game/Content/Audio/Lasso_effect_-_spin.uasset" 931
"E:/GIT/GGJ2023/Game/Content/Audio/Lasso_effect_-_spin.ubulk" 932
"E:/GIT/GGJ2023/Game/Content/Audio/Lasso_effect_-_spin.uexp" 933
"E:/GIT/GGJ2023/Game/Content/Audio/Spiining_Lasso_SoundCue.uasset" 934
"E:/GIT/GGJ2023/Game/Content/Audio/Spiining_Lasso_SoundCue.uexp" 935
"E:/GIT/GGJ2023/Game/Content/Maps/Rory/gameover.uasset" 936
"E:/GIT/GGJ2023/Game/Content/Maps/Rory/gameover.uexp" 937
"E:/GIT/GGJ2023/Game/Content/GameOverTemp.uasset" 938
"E:/GIT/GGJ2023/Game/Content/GameOverTemp.uexp" 939
"E:/GIT/GGJ2023/Game/Content/Maps/Rory/Rope/Rope_001_normal.uasset" 940
"E:/GIT/GGJ2023/Game/Content/Maps/Rory/Rope/Rope_001_normal.ubulk" 941
"E:/GIT/GGJ2023/Game/Content/Maps/Rory/Rope/Rope_001_normal.uexp" 942
"E:/GIT/GGJ2023/Game/Content/Maps/Rory/Rope/Rope_001_ambientOcclusion.uasset" 943
"E:/GIT/GGJ2023/Game/Content/Maps/Rory/Rope/Rope_001_ambientOcclusion.ubulk" 944
"E:/GIT/GGJ2023/Game/Content/Maps/Rory/Rope/Rope_001_ambientOcclusion.uexp" 945
"E:/GIT/GGJ2023/Game/Content/Maps/Rory/Rope/Rope_001_height.uasset" 946
"E:/GIT/GGJ2023/Game/Content/Maps/Rory/Rope/Rope_001_height.ubulk" 947
"E:/GIT/GGJ2023/Game/Content/Maps/Rory/Rope/Rope_001_height.uexp" 948
"E:/GIT/GGJ2023/Game/Content/Maps/Rory/Rope/Rope_001_roughness.uasset" 949
"E:/GIT/GGJ2023/Game/Content/Maps/Rory/Rope/Rope_001_roughness.ubulk" 950
"E:/GIT/GGJ2023/Game/Content/Maps/Rory/Rope/Rope_001_roughness.uexp" 951
"E:/GIT/GGJ2023/Game/Content/Maps/Rory/Rope/Rope_001_basecolor.uasset" 952
"E:/GIT/GGJ2023/Game/Content/Maps/Rory/Rope/Rope_001_basecolor.ubulk" 953
"E:/GIT/GGJ2023/Game/Content/Maps/Rory/Rope/Rope_001_basecolor.uexp" 954
"E:/GIT/GGJ2023/Game/Content/Maps/Rory/Rope/M_Rope.uasset" 955
"E:/GIT/GGJ2023/Game/Content/Maps/Rory/Rope/M_Rope.uexp" 956
"../../../Engine/Content/Animation/DefaultAnimCurveCompressionSettings.uasset" 957
"../../../Engine/Content/Animation/DefaultAnimCurveCompressionSettings.uexp" 958
"../../../Engine/Content/Animation/DefaultAnimBoneCompressionSettings.uasset" 959
"../../../Engine/Content/Animation/DefaultAnimBoneCompressionSettings.uexp" 960
"E:/GIT/GGJ2023/Game/Content/FirstPersonArms/Character/Mesh/SK_Mannequin_Arms_Skeleton.uasset" 961
"E:/GIT/GGJ2023/Game/Content/FirstPersonArms/Character/Mesh/SK_Mannequin_Arms_Skeleton.uexp" 962
"E:/GIT/GGJ2023/Game/Content/FirstPersonArms/Animations/Fishing_Idle_mixamo_com.uasset" 963
"E:/GIT/GGJ2023/Game/Content/FirstPersonArms/Animations/Fishing_Idle_mixamo_com.uexp" 964
"E:/GIT/GGJ2023/Game/Content/FirstPersonArms/Character/Mesh/SK_Body_Chest_PhysicsAsset.uasset" 965
"E:/GIT/GGJ2023/Game/Content/FirstPersonArms/Character/Mesh/SK_Body_Chest_PhysicsAsset.uexp" 966
"E:/GIT/GGJ2023/Game/Content/FirstPersonArms/Character/Mesh/SK_Body_Chest.uasset" 967
"E:/GIT/GGJ2023/Game/Content/FirstPersonArms/Character/Mesh/SK_Body_Chest.uexp" 968
"E:/GIT/GGJ2023/Game/Content/AI_Controller/Animation/turnip_skeleton_PhysicsAsset.uasset" 969
"E:/GIT/GGJ2023/Game/Content/AI_Controller/Animation/turnip_skeleton_PhysicsAsset.uexp" 970
"E:/GIT/GGJ2023/Game/Content/AI_Controller/Animation/turnip_skeleton_Skeleton.uasset" 971
"E:/GIT/GGJ2023/Game/Content/AI_Controller/Animation/turnip_skeleton_Skeleton.uexp" 972
"E:/GIT/GGJ2023/Game/Content/AI_Controller/Animation/turnip_skeleton.uasset" 973
"E:/GIT/GGJ2023/Game/Content/AI_Controller/Animation/turnip_skeleton.uexp" 974
"E:/GIT/GGJ2023/Game/Content/AI_Controller/veggie_textures/parsnip_textures.uasset" 975
"E:/GIT/GGJ2023/Game/Content/AI_Controller/veggie_textures/parsnip_textures.ubulk" 976
"E:/GIT/GGJ2023/Game/Content/AI_Controller/veggie_textures/parsnip_textures.uexp" 977
"E:/GIT/GGJ2023/Game/Content/AI_Controller/veggie_textures/ParsnipMaterial.uasset" 978
"E:/GIT/GGJ2023/Game/Content/AI_Controller/veggie_textures/ParsnipMaterial.uexp" 979
"E:/GIT/GGJ2023/Game/Content/AI_Controller/Vegtable_States.uasset" 980
"E:/GIT/GGJ2023/Game/Content/AI_Controller/Vegtable_States.uexp" 981
"E:/GIT/GGJ2023/Game/Content/AI_Controller/Animation/Potato/potato_skeleton_Skeleton.uasset" 982
"E:/GIT/GGJ2023/Game/Content/AI_Controller/Animation/Potato/potato_skeleton_Skeleton.uexp" 983
"E:/GIT/GGJ2023/Game/Content/AI_Controller/Animation/Potato/potato_skeleton_Anim_potato_arm_potato_anim.uasset" 984
"E:/GIT/GGJ2023/Game/Content/AI_Controller/Animation/Potato/potato_skeleton_Anim_potato_arm_potato_anim.uexp" 985
"E:/GIT/GGJ2023/Game/Content/AI_Controller/veggie_textures/onion_texture.uasset" 986
"E:/GIT/GGJ2023/Game/Content/AI_Controller/veggie_textures/onion_texture.ubulk" 987
"E:/GIT/GGJ2023/Game/Content/AI_Controller/veggie_textures/onion_texture.uexp" 988
"E:/GIT/GGJ2023/Game/Content/AI_Controller/veggie_textures/OnionMaterial.uasset" 989
"E:/GIT/GGJ2023/Game/Content/AI_Controller/veggie_textures/OnionMaterial.uexp" 990
"E:/GIT/GGJ2023/Game/Content/AI_Controller/veggie_textures/turnip_texture.uasset" 991
"E:/GIT/GGJ2023/Game/Content/AI_Controller/veggie_textures/turnip_texture.ubulk" 992
"E:/GIT/GGJ2023/Game/Content/AI_Controller/veggie_textures/turnip_texture.uexp" 993
"E:/GIT/GGJ2023/Game/Content/AI_Controller/veggie_textures/TurnipMaterial.uasset" 994
"E:/GIT/GGJ2023/Game/Content/AI_Controller/veggie_textures/TurnipMaterial.uexp" 995
"E:/GIT/GGJ2023/Game/Content/AI_Controller/Animation/Potato/potato_skeleton_PhysicsAsset.uasset" 996
"E:/GIT/GGJ2023/Game/Content/AI_Controller/Animation/Potato/potato_skeleton_PhysicsAsset.uexp" 997
"E:/GIT/GGJ2023/Game/Content/AI_Controller/Animation/Potato/potato_skeleton.uasset" 998
"E:/GIT/GGJ2023/Game/Content/AI_Controller/Animation/Potato/potato_skeleton.uexp" 999
"E:/GIT/GGJ2023/Game/Content/AI_Controller/Animation/turnip_skeleton_Anim.uasset" 1000
"E:/GIT/GGJ2023/Game/Content/AI_Controller/Animation/turnip_skeleton_Anim.uexp" 1001
"E:/GIT/GGJ2023/Game/Content/AI_Controller/Animation/Onion/onion_skeleton_Skeleton.uasset" 1002
"E:/GIT/GGJ2023/Game/Content/AI_Controller/Animation/Onion/onion_skeleton_Skeleton.uexp" 1003
"E:/GIT/GGJ2023/Game/Content/AI_Controller/Animation/Onion/onion_skeleton_Anim.uasset" 1004
"E:/GIT/GGJ2023/Game/Content/AI_Controller/Animation/Onion/onion_skeleton_Anim.uexp" 1005
"E:/GIT/GGJ2023/Game/Content/AI_Controller/veggie_textures/carrot_textures.uasset" 1006
"E:/GIT/GGJ2023/Game/Content/AI_Controller/veggie_textures/carrot_textures.ubulk" 1007
"E:/GIT/GGJ2023/Game/Content/AI_Controller/veggie_textures/carrot_textures.uexp" 1008
"E:/GIT/GGJ2023/Game/Content/AI_Controller/veggie_textures/CarrotMaterial.uasset" 1009
"E:/GIT/GGJ2023/Game/Content/AI_Controller/veggie_textures/CarrotMaterial.uexp" 1010
"E:/GIT/GGJ2023/Game/Content/AI_Controller/Animation/Onion/onion_skeleton_PhysicsAsset.uasset" 1011
"E:/GIT/GGJ2023/Game/Content/AI_Controller/Animation/Onion/onion_skeleton_PhysicsAsset.uexp" 1012
"E:/GIT/GGJ2023/Game/Content/AI_Controller/Animation/Onion/onion_skeleton.uasset" 1013
"E:/GIT/GGJ2023/Game/Content/AI_Controller/Animation/Onion/onion_skeleton.uexp" 1014
"E:/GIT/GGJ2023/Game/Content/Audio/Jump_effect.uasset" 1015
"E:/GIT/GGJ2023/Game/Content/Audio/Jump_effect.ubulk" 1016
"E:/GIT/GGJ2023/Game/Content/Audio/Jump_effect.uexp" 1017
"E:/GIT/GGJ2023/Game/Content/Audio/Jump_effect_SoundCue.uasset" 1018
"E:/GIT/GGJ2023/Game/Content/Audio/Jump_effect_SoundCue.uexp" 1019
"E:/GIT/GGJ2023/Game/Content/AI_Controller/VegetableAI.uasset" 1020
"E:/GIT/GGJ2023/Game/Content/AI_Controller/VegetableAI.uexp" 1021
"E:/GIT/GGJ2023/Game/Content/AI_Controller/Animation/Parsnip/parsnip_skeleton_Skeleton.uasset" 1022
"E:/GIT/GGJ2023/Game/Content/AI_Controller/Animation/Parsnip/parsnip_skeleton_Skeleton.uexp" 1023
"E:/GIT/GGJ2023/Game/Content/AI_Controller/Animation/Parsnip/parsnip_skeleton_Anim_parsnip_arm_radish_idle.uasset" 1024
"E:/GIT/GGJ2023/Game/Content/AI_Controller/Animation/Parsnip/parsnip_skeleton_Anim_parsnip_arm_radish_idle.uexp" 1025
"E:/GIT/GGJ2023/Game/Content/AI_Controller/Animation/Parsnip/parsnip_skeleton_PhysicsAsset.uasset" 1026
"E:/GIT/GGJ2023/Game/Content/AI_Controller/Animation/Parsnip/parsnip_skeleton_PhysicsAsset.uexp" 1027
"E:/GIT/GGJ2023/Game/Content/AI_Controller/Animation/Parsnip/parsnip_skeleton.uasset" 1028
"E:/GIT/GGJ2023/Game/Content/AI_Controller/Animation/Parsnip/parsnip_skeleton.uexp" 1029
"E:/GIT/GGJ2023/Game/Content/AI_Controller/veggie_textures/potato_texture.uasset" 1030
"E:/GIT/GGJ2023/Game/Content/AI_Controller/veggie_textures/potato_texture.uexp" 1031
"E:/GIT/GGJ2023/Game/Content/AI_Controller/veggie_textures/PotatoMaterial.uasset" 1032
"E:/GIT/GGJ2023/Game/Content/AI_Controller/veggie_textures/PotatoMaterial.uexp" 1033
"E:/GIT/GGJ2023/Game/Content/AI_Controller/Veg.uasset" 1034
"E:/GIT/GGJ2023/Game/Content/AI_Controller/Veg.uexp" 1035
"E:/GIT/GGJ2023/Game/Content/FirstPersonArms/Character/Mesh/SK_Body_Hands_PhysicsAsset.uasset" 1036
"E:/GIT/GGJ2023/Game/Content/FirstPersonArms/Character/Mesh/SK_Body_Hands_PhysicsAsset.uexp" 1037
"E:/GIT/GGJ2023/Game/Content/FirstPersonArms/Character/Mesh/SK_Body_Hands.uasset" 1038
"E:/GIT/GGJ2023/Game/Content/FirstPersonArms/Character/Mesh/SK_Body_Hands.uexp" 1039
"E:/GIT/GGJ2023/Game/Content/Maps/Rory/E_CastState.uasset" 1040
"E:/GIT/GGJ2023/Game/Content/Maps/Rory/E_CastState.uexp" 1041
"../../../Engine/Content/EditorMeshes/EditorSphere.uasset" 1042
"../../../Engine/Content/EditorMeshes/EditorSphere.uexp" 1043
"E:/GIT/GGJ2023/Game/Content/FirstPersonArms/Animations/FirstPerson_JumpLoop.uasset" 1044
"E:/GIT/GGJ2023/Game/Content/FirstPersonArms/Animations/FirstPerson_JumpLoop.uexp" 1045
"E:/GIT/GGJ2023/Game/Content/FirstPersonArms/Animations/FirstPerson_Run.uasset" 1046
"E:/GIT/GGJ2023/Game/Content/FirstPersonArms/Animations/FirstPerson_Run.uexp" 1047
"E:/GIT/GGJ2023/Game/Content/FirstPersonArms/Animations/FirstPerson_JumpEnd.uasset" 1048
"E:/GIT/GGJ2023/Game/Content/FirstPersonArms/Animations/FirstPerson_JumpEnd.uexp" 1049
"E:/GIT/GGJ2023/Game/Content/FirstPersonArms/Animations/FirstPerson_JumpStart.uasset" 1050
"E:/GIT/GGJ2023/Game/Content/FirstPersonArms/Animations/FirstPerson_JumpStart.uexp" 1051
"E:/GIT/GGJ2023/Game/Content/FirstPersonArms/Animations/Waving_mixamo_com.uasset" 1052
"E:/GIT/GGJ2023/Game/Content/FirstPersonArms/Animations/Waving_mixamo_com.uexp" 1053
"E:/GIT/GGJ2023/Game/Content/FirstPersonArms/Animations/FirstPerson_AnimBP.uasset" 1054
"E:/GIT/GGJ2023/Game/Content/FirstPersonArms/Animations/FirstPerson_AnimBP.uexp" 1055
"E:/GIT/GGJ2023/Game/Content/Audio/Lasso_effect-_throw.uasset" 1056
"E:/GIT/GGJ2023/Game/Content/Audio/Lasso_effect-_throw.ubulk" 1057
"E:/GIT/GGJ2023/Game/Content/Audio/Lasso_effect-_throw.uexp" 1058
"E:/GIT/GGJ2023/Game/Content/Audio/Lasso_effect-_throw_SoundCue.uasset" 1059
"E:/GIT/GGJ2023/Game/Content/Audio/Lasso_effect-_throw_SoundCue.uexp" 1060
"E:/GIT/GGJ2023/Game/Content/FirstPersonArms/Animations/AN_CastingStart.uasset" 1061
"E:/GIT/GGJ2023/Game/Content/FirstPersonArms/Animations/AN_CastingStart.uexp" 1062
"E:/GIT/GGJ2023/Game/Content/FirstPersonArms/Animations/Fishing_Cast_mixamo_com.uasset" 1063
"E:/GIT/GGJ2023/Game/Content/FirstPersonArms/Animations/Fishing_Cast_mixamo_com.uexp" 1064
"E:/GIT/GGJ2023/Game/Content/FirstPersonArms/Animations/Cast_Montage.uasset" 1065
"E:/GIT/GGJ2023/Game/Content/FirstPersonArms/Animations/Cast_Montage.uexp" 1066
"../../../Engine/Content/EngineResources/AICON-Green.uasset" 1067
"../../../Engine/Content/EngineResources/AICON-Green.uexp" 1068
"E:/GIT/GGJ2023/Game/Content/Maps/Rory/M_SMile.uasset" 1069
"E:/GIT/GGJ2023/Game/Content/Maps/Rory/M_SMile.uexp" 1070
"../../../Engine/Content/BasicShapes/Plane.uasset" 1071
"../../../Engine/Content/BasicShapes/Plane.uexp" 1072
"E:/GIT/GGJ2023/Game/Content/Maps/Rory/BP_Veg.uasset" 1073
"E:/GIT/GGJ2023/Game/Content/Maps/Rory/BP_Veg.uexp" 1074
"E:/GIT/GGJ2023/Game/Content/FirstPerson/Blueprints/BP_FirstPersonCharacter.uasset" 1075
"E:/GIT/GGJ2023/Game/Content/FirstPerson/Blueprints/BP_FirstPersonCharacter.uexp" 1076
"E:/GIT/GGJ2023/Game/Content/Maps/Rory/OrderCompleteTrigger.uasset" 1077
"E:/GIT/GGJ2023/Game/Content/Maps/Rory/OrderCompleteTrigger.uexp" 1078
"E:/GIT/GGJ2023/Game/Content/Maps/Rory/BP_MainGameMode.uasset" 1079
"E:/GIT/GGJ2023/Game/Content/Maps/Rory/BP_MainGameMode.uexp" 1080
"E:/GIT/GGJ2023/Game/Content/StylizedTruckPack/Textures/T_Gasoline_Tank_Mat3_Normal.uasset" 1081
"E:/GIT/GGJ2023/Game/Content/StylizedTruckPack/Textures/T_Gasoline_Tank_Mat3_Normal.ubulk" 1082
"E:/GIT/GGJ2023/Game/Content/StylizedTruckPack/Textures/T_Gasoline_Tank_Mat3_Normal.uexp" 1083
"E:/GIT/GGJ2023/Game/Content/StylizedTruckPack/Textures/T_Gasoline_Tank_Mat3_BaseColor.uasset" 1084
"E:/GIT/GGJ2023/Game/Content/StylizedTruckPack/Textures/T_Gasoline_Tank_Mat3_BaseColor.ubulk" 1085
"E:/GIT/GGJ2023/Game/Content/StylizedTruckPack/Textures/T_Gasoline_Tank_Mat3_BaseColor.uexp" 1086
"E:/GIT/GGJ2023/Game/Content/StylizedTruckPack/Textures/T_Gasoline_Tank_Mat3_OcclusionRoughnessMetallic.uasset" 1087
"E:/GIT/GGJ2023/Game/Content/StylizedTruckPack/Textures/T_Gasoline_Tank_Mat3_OcclusionRoughnessMetallic.ubulk" 1088
"E:/GIT/GGJ2023/Game/Content/StylizedTruckPack/Textures/T_Gasoline_Tank_Mat3_OcclusionRoughnessMetallic.uexp" 1089
"E:/GIT/GGJ2023/Game/Content/StylizedTruckPack/Materials/MI_Gasoline_Tank.uasset" 1090
"E:/GIT/GGJ2023/Game/Content/StylizedTruckPack/Materials/MI_Gasoline_Tank.uexp" 1091
"E:/GIT/GGJ2023/Game/Content/StylizedTruckPack/Meshes/SM_Gasoline_Tank.uasset" 1092
"E:/GIT/GGJ2023/Game/Content/StylizedTruckPack/Meshes/SM_Gasoline_Tank.uexp" 1093
"E:/GIT/GGJ2023/Game/Content/Fence/fence3.uasset" 1094
"E:/GIT/GGJ2023/Game/Content/Fence/fence3.uexp" 1095
"E:/GIT/GGJ2023/Game/Content/Fence/textures/fence_t3.uasset" 1096
"E:/GIT/GGJ2023/Game/Content/Fence/textures/fence_t3.ubulk" 1097
"E:/GIT/GGJ2023/Game/Content/Fence/textures/fence_t3.uexp" 1098
"E:/GIT/GGJ2023/Game/Content/Fence/textures/Fence3Material.uasset" 1099
"E:/GIT/GGJ2023/Game/Content/Fence/textures/Fence3Material.uexp" 1100
"E:/GIT/GGJ2023/Game/Content/Fence/Fence3_Actor.uasset" 1101
"E:/GIT/GGJ2023/Game/Content/Fence/Fence3_Actor.uexp" 1102
"E:/GIT/GGJ2023/Game/Content/Billboard/paper_text.uasset" 1103
"E:/GIT/GGJ2023/Game/Content/Billboard/paper_text.ubulk" 1104
"E:/GIT/GGJ2023/Game/Content/Billboard/paper_text.uexp" 1105
"E:/GIT/GGJ2023/Game/Content/Billboard/Board_Paper_Material.uasset" 1106
"E:/GIT/GGJ2023/Game/Content/Billboard/Board_Paper_Material.uexp" 1107
"E:/GIT/GGJ2023/Game/Content/Billboard/billboard_mat.uasset" 1108
"E:/GIT/GGJ2023/Game/Content/Billboard/billboard_mat.ubulk" 1109
"E:/GIT/GGJ2023/Game/Content/Billboard/billboard_mat.uexp" 1110
"E:/GIT/GGJ2023/Game/Content/Billboard/Board_Wood_Material.uasset" 1111
"E:/GIT/GGJ2023/Game/Content/Billboard/Board_Wood_Material.uexp" 1112
"E:/GIT/GGJ2023/Game/Content/Billboard/paper.uasset" 1113
"E:/GIT/GGJ2023/Game/Content/Billboard/paper.uexp" 1114
"E:/GIT/GGJ2023/Game/Content/Billboard/billboard.uasset" 1115
"E:/GIT/GGJ2023/Game/Content/Billboard/billboard.uexp" 1116
"E:/GIT/GGJ2023/Game/Content/Maps/Rory/BP_OrderWidget.uasset" 1117
"E:/GIT/GGJ2023/Game/Content/Maps/Rory/BP_OrderWidget.uexp" 1118
"E:/GIT/GGJ2023/Game/Content/Billboard/Billboard_Actor.uasset" 1119
"E:/GIT/GGJ2023/Game/Content/Billboard/Billboard_Actor.uexp" 1120
"E:/GIT/GGJ2023/Game/Content/Fence/textures/fence_t1.uasset" 1121
"E:/GIT/GGJ2023/Game/Content/Fence/textures/fence_t1.ubulk" 1122
"E:/GIT/GGJ2023/Game/Content/Fence/textures/fence_t1.uexp" 1123
"E:/GIT/GGJ2023/Game/Content/Fence/textures/Fence1Material.uasset" 1124
"E:/GIT/GGJ2023/Game/Content/Fence/textures/Fence1Material.uexp" 1125
"E:/GIT/GGJ2023/Game/Content/Fence/fence1.uasset" 1126
"E:/GIT/GGJ2023/Game/Content/Fence/fence1.uexp" 1127
"E:/GIT/GGJ2023/Game/Content/Fence/Fence1_Actor.uasset" 1128
"E:/GIT/GGJ2023/Game/Content/Fence/Fence1_Actor.uexp" 1129
"E:/GIT/GGJ2023/Game/Content/FirstPerson/Maps/LevelMap.umap" 1130
"E:/GIT/GGJ2023/Game/Content/FirstPerson/Maps/LevelMap.ubulk" 1131
"E:/GIT/GGJ2023/Game/Content/FirstPerson/Maps/LevelMap.uexp" 1132
